#
# There is insufficient memory for the Java Runtime Environment to continue.
# Native memory allocation (malloc) failed to allocate 861136 bytes for Chunk::new
# Possible reasons:
#   The system is out of physical RAM or swap space
#   In 32 bit mode, the process size limit was hit
# Possible solutions:
#   Reduce memory load on the system
#   Increase physical memory or swap space
#   Check if swap backing store is full
#   Use 64 bit Java on a 64 bit OS
#   Decrease Java heap size (-Xmx/-Xms)
#   Decrease number of Java threads
#   Decrease Java thread stack sizes (-Xss)
#   Set larger code cache with -XX:ReservedCodeCacheSize=
# This output file may be truncated or incomplete.
#
#  Out of Memory Error (allocation.cpp:328), pid=16976, tid=17124
#
# JRE version: 7.0_07-b11
# Java VM: Java HotSpot(TM) 64-Bit Server VM (23.3-b01 mixed mode windows-amd64 compressed oops)
# Failed to write core dump. Minidumps are not enabled by default on client versions of Windows
#

---------------  T H R E A D  ---------------

Current thread (0x0000000008507000):  JavaThread "C2 CompilerThread1" daemon [_thread_in_native, id=17124, stack(0x0000000009470000,0x0000000009570000)]

Stack: [0x0000000009470000,0x0000000009570000]

Current CompileTask:
C2:   5195   67   !         com.android.dx.cf.code.Ropper::processBlock (1101 bytes)


---------------  P R O C E S S  ---------------

Java Threads: ( => current thread )
  0x0000000008509000 JavaThread "Service Thread" daemon [_thread_blocked, id=17128, stack(0x0000000009b00000,0x0000000009c00000)]
=>0x0000000008507000 JavaThread "C2 CompilerThread1" daemon [_thread_in_native, id=17124, stack(0x0000000009470000,0x0000000009570000)]
  0x00000000084f7000 JavaThread "C2 CompilerThread0" daemon [_thread_blocked, id=17120, stack(0x0000000009860000,0x0000000009960000)]
  0x00000000084f5800 JavaThread "Attach Listener" daemon [_thread_blocked, id=17116, stack(0x0000000009730000,0x0000000009830000)]
  0x00000000084f4000 JavaThread "Signal Dispatcher" daemon [_thread_blocked, id=17112, stack(0x0000000009570000,0x0000000009670000)]
  0x000000000846e000 JavaThread "Finalizer" daemon [_thread_blocked, id=17072, stack(0x00000000092f0000,0x00000000093f0000)]
  0x0000000008467000 JavaThread "Reference Handler" daemon [_thread_blocked, id=17060, stack(0x00000000090e0000,0x00000000091e0000)]
  0x0000000001e6d000 JavaThread "main" [_thread_in_Java, id=17028, stack(0x0000000001ef0000,0x0000000001ff0000)]

Other Threads:
  0x000000000845e800 VMThread [stack: 0x0000000008f60000,0x0000000009060000] [id=17052]
  0x0000000008517000 WatcherThread [stack: 0x0000000008e40000,0x0000000008f40000] [id=17148]

VM state:not at safepoint (normal execution)

VM Mutex/Monitor currently owned by a thread: None

Heap
 PSYoungGen      total 14208K, used 10973K [0x00000000eaab0000, 0x00000000eba80000, 0x0000000100000000)
  eden space 12224K, 89% used [0x00000000eaab0000,0x00000000eb567668,0x00000000eb6a0000)
  from space 1984K, 0% used [0x00000000eb890000,0x00000000eb890000,0x00000000eba80000)
  to   space 1984K, 0% used [0x00000000eb6a0000,0x00000000eb6a0000,0x00000000eb890000)
 ParOldGen       total 32384K, used 0K [0x00000000c0000000, 0x00000000c1fa0000, 0x00000000eaab0000)
  object space 32384K, 0% used [0x00000000c0000000,0x00000000c0000000,0x00000000c1fa0000)
 PSPermGen       total 21248K, used 5016K [0x00000000bae00000, 0x00000000bc2c0000, 0x00000000c0000000)
  object space 21248K, 23% used [0x00000000bae00000,0x00000000bb2e6068,0x00000000bc2c0000)

Card table byte_map: [0x00000000050b0000,0x00000000052e0000] byte_map_base: 0x0000000004ad9000

Polling page: 0x0000000000210000

Code Cache  [0x0000000001ff0000, 0x0000000002260000, 0x0000000004ff0000)
 total_blobs=298 nmethods=68 adapters=181 free_code_cache=48634Kb largest_free_block=49774592

Compilation events (10 events):
Event: 4.948 Thread 0x00000000084f7000 nmethod 62 0x000000000206a810 code [0x000000000206a960, 0x000000000206aa98]
Event: 4.951 Thread 0x0000000008507000   63             com.android.dx.rop.type.Type::getCategory (36 bytes)
Event: 4.951 Thread 0x0000000008507000 nmethod 63 0x000000000206a610 code [0x000000000206a740, 0x000000000206a7b8]
Event: 4.955 Thread 0x00000000084f7000   64   !         com.android.dx.util.IntList::<init> (37 bytes)
Event: 4.957 Thread 0x00000000084f7000 nmethod 64 0x000000000206a310 code [0x000000000206a460, 0x000000000206a578]
Event: 4.993 Thread 0x0000000008507000   65             com.android.dx.cf.code.ByteBlock::getLabel (5 bytes)
Event: 4.993 Thread 0x0000000008507000 nmethod 65 0x000000000206a110 code [0x000000000206a240, 0x000000000206a298]
Event: 4.994 Thread 0x00000000084f7000   66             com.android.dx.util.IntList::binarysearch (124 bytes)
Event: 4.997 Thread 0x00000000084f7000 nmethod 66 0x0000000002069c90 code [0x0000000002069de0, 0x0000000002069f78]
Event: 5.077 Thread 0x0000000008507000   67   !         com.android.dx.cf.code.Ropper::processBlock (1101 bytes)

GC Heap History (0 events):
No events

Deoptimization events (4 events):
Event: 4.583 Thread 0x0000000001e6d000 Uncommon trap -34 fr.pc 0x0000000002071954
Event: 4.583 Thread 0x0000000001e6d000 Uncommon trap -34 fr.pc 0x0000000002071954
Event: 4.583 Thread 0x0000000001e6d000 Uncommon trap -34 fr.pc 0x000000000206fecc
Event: 4.583 Thread 0x0000000001e6d000 Uncommon trap -34 fr.pc 0x0000000002071954

Internal exceptions (1 events):
Event: 0.073 Thread 0x0000000001e6d000 Threw 0x00000000eaab61a8 at C:\jdk7u1_64p\jdk7u7\hotspot\src\share\vm\prims\jni.cpp:3994

Events (10 events):
Event: 4.278 loading class 0x0000000009d7a780
Event: 4.278 loading class 0x0000000009d7a780 done
Event: 4.583 Thread 0x0000000001e6d000 DEOPT PACKING pc=0x0000000002071954 sp=0x0000000001feeac0
Event: 4.583 Thread 0x0000000001e6d000 DEOPT UNPACKING pc=0x0000000002029164 sp=0x0000000001feea38 mode 2
Event: 4.583 Thread 0x0000000001e6d000 DEOPT PACKING pc=0x0000000002071954 sp=0x0000000001feeac0
Event: 4.583 Thread 0x0000000001e6d000 DEOPT UNPACKING pc=0x0000000002029164 sp=0x0000000001feea38 mode 2
Event: 4.583 Thread 0x0000000001e6d000 DEOPT PACKING pc=0x000000000206fecc sp=0x0000000001feeac0
Event: 4.583 Thread 0x0000000001e6d000 DEOPT UNPACKING pc=0x0000000002029164 sp=0x0000000001feea30 mode 2
Event: 4.583 Thread 0x0000000001e6d000 DEOPT PACKING pc=0x0000000002071954 sp=0x0000000001feeac0
Event: 4.583 Thread 0x0000000001e6d000 DEOPT UNPACKING pc=0x0000000002029164 sp=0x0000000001feea38 mode 2


Dynamic libraries:
0x000000013f8c0000 - 0x000000013f8f3000 	C:\PROGRA~1\Java\JDK17~1.0_0\bin\java.exe
0x0000000077b30000 - 0x0000000077cd8000 	C:\Windows\SYSTEM32\ntdll.dll
0x0000000077910000 - 0x0000000077a2f000 	C:\Windows\system32\kernel32.dll
0x000007fefdaf0000 - 0x000007fefdb5c000 	C:\Windows\system32\KERNELBASE.dll
0x000007fefea30000 - 0x000007fefeb0b000 	C:\Windows\system32\ADVAPI32.dll
0x000007fefeb30000 - 0x000007fefebcf000 	C:\Windows\system32\msvcrt.dll
0x000007fefe1d0000 - 0x000007fefe1ef000 	C:\Windows\SYSTEM32\sechost.dll
0x000007fefebd0000 - 0x000007fefecfd000 	C:\Windows\system32\RPCRT4.dll
0x0000000077a30000 - 0x0000000077b2a000 	C:\Windows\system32\USER32.dll
0x000007fefde90000 - 0x000007fefdef7000 	C:\Windows\system32\GDI32.dll
0x000007fefeb10000 - 0x000007fefeb1e000 	C:\Windows\system32\LPK.dll
0x000007fefe960000 - 0x000007fefea29000 	C:\Windows\system32\USP10.dll
0x000007fefc210000 - 0x000007fefc404000 	C:\Windows\WinSxS\amd64_microsoft.windows.common-controls_6595b64144ccf1df_6.0.7601.17514_none_fa396087175ac9ac\COMCTL32.dll
0x000007fefe4e0000 - 0x000007fefe551000 	C:\Windows\system32\SHLWAPI.dll
0x000007feffd40000 - 0x000007feffd6e000 	C:\Windows\system32\IMM32.DLL
0x000007feffc30000 - 0x000007feffd39000 	C:\Windows\system32\MSCTF.dll
0x000000006f910000 - 0x000000006f9e1000 	C:\PROGRA~1\Java\JDK17~1.0_0\jre\bin\msvcr100.dll
0x0000000061670000 - 0x0000000061d8f000 	C:\PROGRA~1\Java\JDK17~1.0_0\jre\bin\server\jvm.dll
0x000007fef4380000 - 0x000007fef4389000 	C:\Windows\system32\WSOCK32.dll
0x000007feffdf0000 - 0x000007feffe3d000 	C:\Windows\system32\WS2_32.dll
0x000007fefeb20000 - 0x000007fefeb28000 	C:\Windows\system32\NSI.dll
0x000007fefb0b0000 - 0x000007fefb0eb000 	C:\Windows\system32\WINMM.dll
0x0000000077cf0000 - 0x0000000077cf7000 	C:\Windows\system32\PSAPI.DLL
0x0000000075650000 - 0x000000007565f000 	C:\PROGRA~1\Java\JDK17~1.0_0\jre\bin\verify.dll
0x0000000075530000 - 0x0000000075558000 	C:\PROGRA~1\Java\JDK17~1.0_0\jre\bin\java.dll
0x0000000075570000 - 0x0000000075585000 	C:\PROGRA~1\Java\JDK17~1.0_0\jre\bin\zip.dll
0x0000000075510000 - 0x0000000075529000 	C:\Program Files\Java\jdk1.7.0_07\jre\bin\net.dll
0x000007fefd090000 - 0x000007fefd0e5000 	C:\Windows\system32\mswsock.dll
0x000007fefd080000 - 0x000007fefd087000 	C:\Windows\System32\wship6.dll
0x00000000754f0000 - 0x0000000075501000 	C:\Program Files\Java\jdk1.7.0_07\jre\bin\nio.dll

VM Arguments:
jvm_args: -Xmx1024M -Xss1m -Djava.ext.dirs=C:\Users\Tanya\AppData\Local\Android\sdk\build-tools\android-4.4W\lib 
java_command: C:\Users\Tanya\AppData\Local\Android\sdk\build-tools\android-4.4W\lib\dx.jar --dex --output C:\Users\Tanya\Google Drive\Drury-Explorer\DruryExplorer\app\build\intermediates\pre-dexed\debug\classes-8635b130667f207a1a58576ffd3641e6a8d2019c.jar C:\Users\Tanya\Google Drive\Drury-Explorer\DruryExplorer\app\build\intermediates\exploded-aar\com.google.android.gms\play-services\6.5.87\classes.jar
Launcher Type: SUN_STANDARD

Environment Variables:
JAVA_HOME=C:\Program Files\Java\jdk1.7.0_07
PATH=C:\Windows\system32;C:\Windows;C:\Windows\system32\wbem;C:\Program Files (x86)\NVIDIA Corporation\PhysX\Common;C:\Program Files\Common Files\Microsoft Shared\Windows Live;C:\Program Files (x86)\Common Files\Microsoft Shared\Windows Live;C:\Windows\System32\WindowsPowerShell\v1.0;C:\Program Files (x86)\Common Files\Roxio Shared\DLLShared;C:\Program Files (x86)\Windows Live\Shared;C:\Program Files (x86)\Microsoft SQL Server\100\Tools\Binn;C:\Program Files (x86)\Microsoft SQL Server\100\DTS\Binn;C:\Program Files (x86)\Microsoft ASP.NET\ASP.NET Web Pages\v1.0;C:\Program Files\Microsoft SQL Server\110\Tools\Binn;C:\Program Files (x86)\Calibre2;c:\Program Files\Microsoft SQL Server\100\Tools\Binn;c:\Program Files\Microsoft SQL Server\100\DTS\Binn;C:\Program Files\Microsoft\Web Platform Installer;C:\Program Files (x86)\Windows Kits\8.0\Windows Performance Toolkit;C:\Program Files\nodejs;C:\Program Files (x86)\MySQL\MySQL Utilities 1.4;C:\Program Files (x86)\MySQL\MySQL Utilities 1.4\Doctrine extensions for PHP;C:\Program Files (x86)\Skype\Phone\;C:\Ruby193\bin;C:\Users\Tanya\AppData\Roaming\npm;C:\Program Files (x86)\WinAnt\bin
USERNAME=Tanya
OS=Windows_NT
PROCESSOR_IDENTIFIER=Intel64 Family 6 Model 23 Stepping 10, GenuineIntel



---------------  S Y S T E M  ---------------

OS: Windows 7 , 64 bit Build 7601 Service Pack 1

CPU:total 2 (2 cores per cpu, 1 threads per core) family 6 model 23 stepping 10, cmov, cx8, fxsr, mmx, sse, sse2, sse3, ssse3, tsc

Memory: 4k page, physical 3107188k(407644k free), swap 4589808k(5892k free)

vm_info: Java HotSpot(TM) 64-Bit Server VM (23.3-b01) for windows-amd64 JRE (1.7.0_07-b11), built on Sep  7 2012 01:19:25 by "java_re" with unknown MS VC++:1600

time: Wed Apr 29 17:39:45 2015
elapsed time: 5 seconds

