#
# There is insufficient memory for the Java Runtime Environment to continue.
# Native memory allocation (malloc) failed to allocate 32744 bytes for ChunkPool::allocate
# Possible reasons:
#   The system is out of physical RAM or swap space
#   In 32 bit mode, the process size limit was hit
# Possible solutions:
#   Reduce memory load on the system
#   Increase physical memory or swap space
#   Check if swap backing store is full
#   Use 64 bit Java on a 64 bit OS
#   Decrease Java heap size (-Xmx/-Xms)
#   Decrease number of Java threads
#   Decrease Java thread stack sizes (-Xss)
#   Set larger code cache with -XX:ReservedCodeCacheSize=
# This output file may be truncated or incomplete.
#
#  Out of Memory Error (allocation.cpp:222), pid=6940, tid=13132
#
# JRE version: 7.0_07-b11
# Java VM: Java HotSpot(TM) 64-Bit Server VM (23.3-b01 mixed mode windows-amd64 compressed oops)
# Failed to write core dump. Minidumps are not enabled by default on client versions of Windows
#

---------------  T H R E A D  ---------------

Current thread (0x00000000086da800):  JavaThread "C2 CompilerThread1" daemon [_thread_in_native, id=13132, stack(0x0000000009830000,0x0000000009930000)]

Stack: [0x0000000009830000,0x0000000009930000]

Current CompileTask:
C2:  35373  683   !         com.android.dx.cf.code.BytecodeArray::parseInstruction (2764 bytes)


---------------  P R O C E S S  ---------------

Java Threads: ( => current thread )
  0x00000000086dc000 JavaThread "Service Thread" daemon [_thread_blocked, id=5656, stack(0x00000000099d0000,0x0000000009ad0000)]
=>0x00000000086da800 JavaThread "C2 CompilerThread1" daemon [_thread_in_native, id=13132, stack(0x0000000009830000,0x0000000009930000)]
  0x00000000086c7000 JavaThread "C2 CompilerThread0" daemon [_thread_blocked, id=12588, stack(0x0000000009680000,0x0000000009780000)]
  0x00000000086c5800 JavaThread "Attach Listener" daemon [_thread_blocked, id=7780, stack(0x0000000009510000,0x0000000009610000)]
  0x00000000086c4000 JavaThread "Signal Dispatcher" daemon [_thread_blocked, id=9900, stack(0x0000000008fa0000,0x00000000090a0000)]
  0x0000000008638800 JavaThread "Finalizer" daemon [_thread_blocked, id=13292, stack(0x0000000009310000,0x0000000009410000)]
  0x0000000008637000 JavaThread "Reference Handler" daemon [_thread_blocked, id=11528, stack(0x0000000009200000,0x0000000009300000)]
  0x0000000001e6d000 JavaThread "main" [_thread_in_Java, id=12628, stack(0x0000000002130000,0x0000000002230000)]

Other Threads:
  0x000000000862e800 VMThread [stack: 0x00000000090d0000,0x00000000091d0000] [id=10544]
  0x00000000086e7000 WatcherThread [stack: 0x0000000009b50000,0x0000000009c50000] [id=12968]

VM state:not at safepoint (normal execution)

VM Mutex/Monitor currently owned by a thread: None

Heap
 PSYoungGen      total 140608K, used 124895K [0x00000000eaab0000, 0x00000000f84f0000, 0x0000000100000000)
  eden space 84032K, 100% used [0x00000000eaab0000,0x00000000efcc0000,0x00000000efcc0000)
  from space 56576K, 72% used [0x00000000efcc0000,0x00000000f24a7cf0,0x00000000f3400000)
  to   space 59456K, 0% used [0x00000000f4ae0000,0x00000000f4ae0000,0x00000000f84f0000)
 ParOldGen       total 111104K, used 39549K [0x00000000c0000000, 0x00000000c6c80000, 0x00000000eaab0000)
  object space 111104K, 35% used [0x00000000c0000000,0x00000000c269f660,0x00000000c6c80000)
 PSPermGen       total 21248K, used 5399K [0x00000000bae00000, 0x00000000bc2c0000, 0x00000000c0000000)
  object space 21248K, 25% used [0x00000000bae00000,0x00000000bb345f78,0x00000000bc2c0000)

Card table byte_map: [0x0000000005230000,0x0000000005460000] byte_map_base: 0x0000000004c59000

Polling page: 0x00000000000a0000

Code Cache  [0x0000000002230000, 0x00000000024d0000, 0x0000000005230000)
 total_blobs=844 nmethods=613 adapters=182 free_code_cache=46550Kb largest_free_block=47612288

Compilation events (10 events):
Event: 34.858 Thread 0x00000000086c7000 nmethod 681 0x000000000246b050 code [0x000000000246b1a0, 0x000000000246b358]
Event: 34.943 Thread 0x00000000086c7000  682             com.android.dx.rop.cst.CstString::stringToUtf8Bytes (175 bytes)
Event: 34.956 Thread 0x00000000086c7000 nmethod 682 0x0000000002487150 code [0x00000000024872a0, 0x0000000002487978]
Event: 34.993 Thread 0x00000000086da800  683   !         com.android.dx.cf.code.BytecodeArray::parseInstruction (2764 bytes)
Event: 34.998 Thread 0x00000000086c7000  684             com.android.dx.rop.type.StdTypeList::withFirst (53 bytes)
Event: 35.005 Thread 0x00000000086c7000 nmethod 684 0x0000000002486b90 code [0x0000000002486ce0, 0x0000000002486f58]
Event: 35.071 Thread 0x00000000086c7000  685             com.android.dx.rop.code.Rops::pickBinaryOp (158 bytes)
Event: 35.077 Thread 0x00000000086c7000 nmethod 685 0x0000000002484710 code [0x0000000002484880, 0x0000000002484ac8]
Event: 35.211 Thread 0x00000000086c7000  686             com.android.dx.cf.code.BaseMachine::popArgs (137 bytes)
Event: 35.213 Thread 0x00000000086c7000 nmethod 686 0x0000000002484250 code [0x00000000024843c0, 0x0000000002484508]

GC Heap History (10 events):
Event: 25.819 GC heap before
{Heap before GC invocations=17 (full 3):
 PSYoungGen      total 95040K, used 67217K [0x00000000eaab0000, 0x00000000f3bf0000, 0x0000000100000000)
  eden space 50880K, 100% used [0x00000000eaab0000,0x00000000edc60000,0x00000000edc60000)
  from space 44160K, 36% used [0x00000000edc60000,0x00000000eec54660,0x00000000f0780000)
  to   space 41920K, 0% used [0x00000000f1300000,0x00000000f1300000,0x00000000f3bf0000)
 ParOldGen       total 102464K, used 48235K [0x00000000c0000000, 0x00000000c6410000, 0x00000000eaab0000)
  object space 102464K, 47% used [0x00000000c0000000,0x00000000c2f1acc0,0x00000000c6410000)
 PSPermGen       total 21248K, used 5353K [0x00000000bae00000, 0x00000000bc2c0000, 0x00000000c0000000)
  object space 21248K, 25% used [0x00000000bae00000,0x00000000bb33a4a0,0x00000000bc2c0000)
Event: 26.109 GC heap after
Heap after GC invocations=17 (full 3):
 PSYoungGen      total 101952K, used 37624K [0x00000000eaab0000, 0x00000000f4560000, 0x0000000100000000)
  eden space 60032K, 0% used [0x00000000eaab0000,0x00000000eaab0000,0x00000000ee550000)
  from space 41920K, 89% used [0x00000000f1300000,0x00000000f37be0d8,0x00000000f3bf0000)
  to   space 46784K, 0% used [0x00000000ee550000,0x00000000ee550000,0x00000000f1300000)
 ParOldGen       total 102464K, used 48235K [0x00000000c0000000, 0x00000000c6410000, 0x00000000eaab0000)
  object space 102464K, 47% used [0x00000000c0000000,0x00000000c2f1acc0,0x00000000c6410000)
 PSPermGen       total 21248K, used 5353K [0x00000000bae00000, 0x00000000bc2c0000, 0x00000000c0000000)
  object space 21248K, 25% used [0x00000000bae00000,0x00000000bb33a4a0,0x00000000bc2c0000)
}
Event: 26.461 GC heap before
{Heap before GC invocations=18 (full 3):
 PSYoungGen      total 101952K, used 97656K [0x00000000eaab0000, 0x00000000f4560000, 0x0000000100000000)
  eden space 60032K, 100% used [0x00000000eaab0000,0x00000000ee550000,0x00000000ee550000)
  from space 41920K, 89% used [0x00000000f1300000,0x00000000f37be0d8,0x00000000f3bf0000)
  to   space 46784K, 0% used [0x00000000ee550000,0x00000000ee550000,0x00000000f1300000)
 ParOldGen       total 102464K, used 48235K [0x00000000c0000000, 0x00000000c6410000, 0x00000000eaab0000)
  object space 102464K, 47% used [0x00000000c0000000,0x00000000c2f1acc0,0x00000000c6410000)
 PSPermGen       total 21248K, used 5353K [0x00000000bae00000, 0x00000000bc2c0000, 0x00000000c0000000)
  object space 21248K, 25% used [0x00000000bae00000,0x00000000bb33a4a0,0x00000000bc2c0000)
Event: 26.671 GC heap after
Heap after GC invocations=18 (full 3):
 PSYoungGen      total 106816K, used 46755K [0x00000000eaab0000, 0x00000000f70d0000, 0x0000000100000000)
  eden space 60032K, 0% used [0x00000000eaab0000,0x00000000eaab0000,0x00000000ee550000)
  from space 46784K, 99% used [0x00000000ee550000,0x00000000f12f8cc8,0x00000000f1300000)
  to   space 60096K, 0% used [0x00000000f3620000,0x00000000f3620000,0x00000000f70d0000)
 ParOldGen       total 102464K, used 64869K [0x00000000c0000000, 0x00000000c6410000, 0x00000000eaab0000)
  object space 102464K, 63% used [0x00000000c0000000,0x00000000c3f597b0,0x00000000c6410000)
 PSPermGen       total 21248K, used 5353K [0x00000000bae00000, 0x00000000bc2c0000, 0x00000000c0000000)
  object space 21248K, 25% used [0x00000000bae00000,0x00000000bb33a4a0,0x00000000bc2c0000)
}
Event: 27.973 GC heap before
{Heap before GC invocations=19 (full 3):
 PSYoungGen      total 106816K, used 106787K [0x00000000eaab0000, 0x00000000f70d0000, 0x0000000100000000)
  eden space 60032K, 100% used [0x00000000eaab0000,0x00000000ee550000,0x00000000ee550000)
  from space 46784K, 99% used [0x00000000ee550000,0x00000000f12f8cc8,0x00000000f1300000)
  to   space 60096K, 0% used [0x00000000f3620000,0x00000000f3620000,0x00000000f70d0000)
 ParOldGen       total 102464K, used 64869K [0x00000000c0000000, 0x00000000c6410000, 0x00000000eaab0000)
  object space 102464K, 63% used [0x00000000c0000000,0x00000000c3f597b0,0x00000000c6410000)
 PSPermGen       total 21248K, used 5362K [0x00000000bae00000, 0x00000000bc2c0000, 0x00000000c0000000)
  object space 21248K, 25% used [0x00000000bae00000,0x00000000bb33cb10,0x00000000bc2c0000)
Event: 28.422 GC heap after
Heap after GC invocations=19 (full 3):
 PSYoungGen      total 138432K, used 24537K [0x00000000eaab0000, 0x00000000f6b40000, 0x0000000100000000)
  eden space 84032K, 0% used [0x00000000eaab0000,0x00000000eaab0000,0x00000000efcc0000)
  from space 54400K, 45% used [0x00000000f3620000,0x00000000f4e164a8,0x00000000f6b40000)
  to   space 56576K, 0% used [0x00000000efcc0000,0x00000000efcc0000,0x00000000f3400000)
 ParOldGen       total 102464K, used 99518K [0x00000000c0000000, 0x00000000c6410000, 0x00000000eaab0000)
  object space 102464K, 97% used [0x00000000c0000000,0x00000000c612f998,0x00000000c6410000)
 PSPermGen       total 21248K, used 5362K [0x00000000bae00000, 0x00000000bc2c0000, 0x00000000c0000000)
  object space 21248K, 25% used [0x00000000bae00000,0x00000000bb33cb10,0x00000000bc2c0000)
}
Event: 28.422 GC heap before
{Heap before GC invocations=20 (full 4):
 PSYoungGen      total 138432K, used 24537K [0x00000000eaab0000, 0x00000000f6b40000, 0x0000000100000000)
  eden space 84032K, 0% used [0x00000000eaab0000,0x00000000eaab0000,0x00000000efcc0000)
  from space 54400K, 45% used [0x00000000f3620000,0x00000000f4e164a8,0x00000000f6b40000)
  to   space 56576K, 0% used [0x00000000efcc0000,0x00000000efcc0000,0x00000000f3400000)
 ParOldGen       total 102464K, used 99518K [0x00000000c0000000, 0x00000000c6410000, 0x00000000eaab0000)
  object space 102464K, 97% used [0x00000000c0000000,0x00000000c612f998,0x00000000c6410000)
 PSPermGen       total 21248K, used 5362K [0x00000000bae00000, 0x00000000bc2c0000, 0x00000000c0000000)
  object space 21248K, 25% used [0x00000000bae00000,0x00000000bb33cb10,0x00000000bc2c0000)
Event: 29.381 GC heap after
Heap after GC invocations=20 (full 4):
 PSYoungGen      total 138432K, used 0K [0x00000000eaab0000, 0x00000000f6b40000, 0x0000000100000000)
  eden space 84032K, 0% used [0x00000000eaab0000,0x00000000eaab0000,0x00000000efcc0000)
  from space 54400K, 0% used [0x00000000f3620000,0x00000000f3620000,0x00000000f6b40000)
  to   space 56576K, 0% used [0x00000000efcc0000,0x00000000efcc0000,0x00000000f3400000)
 ParOldGen       total 111104K, used 39549K [0x00000000c0000000, 0x00000000c6c80000, 0x00000000eaab0000)
  object space 111104K, 35% used [0x00000000c0000000,0x00000000c269f660,0x00000000c6c80000)
 PSPermGen       total 21248K, used 5362K [0x00000000bae00000, 0x00000000bc2c0000, 0x00000000c0000000)
  object space 21248K, 25% used [0x00000000bae00000,0x00000000bb33c8f0,0x00000000bc2c0000)
}
Event: 33.196 GC heap before
{Heap before GC invocations=21 (full 4):
 PSYoungGen      total 138432K, used 84032K [0x00000000eaab0000, 0x00000000f6b40000, 0x0000000100000000)
  eden space 84032K, 100% used [0x00000000eaab0000,0x00000000efcc0000,0x00000000efcc0000)
  from space 54400K, 0% used [0x00000000f3620000,0x00000000f3620000,0x00000000f6b40000)
  to   space 56576K, 0% used [0x00000000efcc0000,0x00000000efcc0000,0x00000000f3400000)
 ParOldGen       total 111104K, used 39549K [0x00000000c0000000, 0x00000000c6c80000, 0x00000000eaab0000)
  object space 111104K, 35% used [0x00000000c0000000,0x00000000c269f660,0x00000000c6c80000)
 PSPermGen       total 21248K, used 5396K [0x00000000bae00000, 0x00000000bc2c0000, 0x00000000c0000000)
  object space 21248K, 25% used [0x00000000bae00000,0x00000000bb3453b0,0x00000000bc2c0000)
Event: 33.589 GC heap after
Heap after GC invocations=21 (full 4):
 PSYoungGen      total 140608K, used 40863K [0x00000000eaab0000, 0x00000000f84f0000, 0x0000000100000000)
  eden space 84032K, 0% used [0x00000000eaab0000,0x00000000eaab0000,0x00000000efcc0000)
  from space 56576K, 72% used [0x00000000efcc0000,0x00000000f24a7cf0,0x00000000f3400000)
  to   space 59456K, 0% used [0x00000000f4ae0000,0x00000000f4ae0000,0x00000000f84f0000)
 ParOldGen       total 111104K, used 39549K [0x00000000c0000000, 0x00000000c6c80000, 0x00000000eaab0000)
  object space 111104K, 35% used [0x00000000c0000000,0x00000000c269f660,0x00000000c6c80000)
 PSPermGen       total 21248K, used 5396K [0x00000000bae00000, 0x00000000bc2c0000, 0x00000000c0000000)
  object space 21248K, 25% used [0x00000000bae00000,0x00000000bb3453b0,0x00000000bc2c0000)
}

Deoptimization events (10 events):
Event: 29.651 Thread 0x0000000001e6d000 Uncommon trap -34 fr.pc 0x00000000023642cc
Event: 29.669 Thread 0x0000000001e6d000 Uncommon trap -75 fr.pc 0x000000000249dcd8
Event: 30.050 Thread 0x0000000001e6d000 Uncommon trap -12 fr.pc 0x0000000002333000
Event: 30.051 Thread 0x0000000001e6d000 Uncommon trap -83 fr.pc 0x000000000246ce04
Event: 30.051 Thread 0x0000000001e6d000 Uncommon trap -83 fr.pc 0x00000000022db3e8
Event: 30.152 Thread 0x0000000001e6d000 Uncommon trap -12 fr.pc 0x00000000024aa738
Event: 33.803 Thread 0x0000000001e6d000 Uncommon trap -34 fr.pc 0x0000000002391170
Event: 34.754 Thread 0x0000000001e6d000 Uncommon trap -58 fr.pc 0x00000000023f4000
Event: 34.787 Thread 0x0000000001e6d000 Uncommon trap -34 fr.pc 0x00000000024b7d24
Event: 34.787 Thread 0x0000000001e6d000 Uncommon trap -34 fr.pc 0x00000000024b7d24

Internal exceptions (10 events):
Event: 10.177 Thread 0x0000000001e6d000 Implicit null exception at 0x000000000233007a to 0x00000000023304f1
Event: 10.201 Thread 0x0000000001e6d000 Implicit null exception at 0x000000000238aa50 to 0x000000000238b4c1
Event: 10.304 Thread 0x0000000001e6d000 Implicit null exception at 0x0000000002330f69 to 0x0000000002330fa1
Event: 10.405 Thread 0x0000000001e6d000 Implicit null exception at 0x00000000023311e0 to 0x0000000002331211
Event: 17.701 Thread 0x0000000001e6d000 Implicit null exception at 0x000000000243d1b0 to 0x0000000002440d25
Event: 29.489 Thread 0x0000000001e6d000 Implicit null exception at 0x00000000022aa58e to 0x00000000022aa5e5
Event: 30.050 Thread 0x0000000001e6d000 Implicit null exception at 0x0000000002332f52 to 0x0000000002332ff1
Event: 30.051 Thread 0x0000000001e6d000 Implicit null exception at 0x000000000246c637 to 0x000000000246cddd
Event: 30.051 Thread 0x0000000001e6d000 Implicit null exception at 0x00000000022db1b8 to 0x00000000022db3dd
Event: 30.152 Thread 0x0000000001e6d000 Implicit null exception at 0x00000000024a9d30 to 0x00000000024aa729

Events (10 events):
Event: 33.196 Executing VM operation: ParallelGCFailedAllocation
Event: 33.589 Executing VM operation: ParallelGCFailedAllocation done
Event: 33.803 Thread 0x0000000001e6d000 DEOPT PACKING pc=0x0000000002391170 sp=0x000000000222eb10
Event: 33.803 Thread 0x0000000001e6d000 DEOPT UNPACKING pc=0x0000000002269164 sp=0x000000000222eaa0 mode 2
Event: 34.754 Thread 0x0000000001e6d000 DEOPT PACKING pc=0x00000000023f4000 sp=0x000000000222ea90
Event: 34.754 Thread 0x0000000001e6d000 DEOPT UNPACKING pc=0x0000000002269164 sp=0x000000000222e9b8 mode 2
Event: 34.787 Thread 0x0000000001e6d000 DEOPT PACKING pc=0x00000000024b7d24 sp=0x000000000222ea70
Event: 34.787 Thread 0x0000000001e6d000 DEOPT UNPACKING pc=0x0000000002269164 sp=0x000000000222ea08 mode 2
Event: 34.787 Thread 0x0000000001e6d000 DEOPT PACKING pc=0x00000000024b7d24 sp=0x000000000222ea70
Event: 34.787 Thread 0x0000000001e6d000 DEOPT UNPACKING pc=0x0000000002269164 sp=0x000000000222ea08 mode 2


Dynamic libraries:
0x000000013fde0000 - 0x000000013fe13000 	C:\PROGRA~1\Java\JDK17~1.0_0\bin\java.exe
0x00000000772b0000 - 0x0000000077458000 	C:\Windows\SYSTEM32\ntdll.dll
0x0000000077090000 - 0x00000000771af000 	C:\Windows\system32\kernel32.dll
0x000007fefd210000 - 0x000007fefd27c000 	C:\Windows\system32\KERNELBASE.dll
0x000007fefec30000 - 0x000007fefed0b000 	C:\Windows\system32\ADVAPI32.dll
0x000007fefd880000 - 0x000007fefd91f000 	C:\Windows\system32\msvcrt.dll
0x000007fefd6c0000 - 0x000007fefd6df000 	C:\Windows\SYSTEM32\sechost.dll
0x000007fefd9a0000 - 0x000007fefdacd000 	C:\Windows\system32\RPCRT4.dll
0x00000000771b0000 - 0x00000000772aa000 	C:\Windows\system32\USER32.dll
0x000007fefe860000 - 0x000007fefe8c7000 	C:\Windows\system32\GDI32.dll
0x000007feff290000 - 0x000007feff29e000 	C:\Windows\system32\LPK.dll
0x000007fefe8d0000 - 0x000007fefe999000 	C:\Windows\system32\USP10.dll
0x000007fefb990000 - 0x000007fefbb84000 	C:\Windows\WinSxS\amd64_microsoft.windows.common-controls_6595b64144ccf1df_6.0.7601.17514_none_fa396087175ac9ac\COMCTL32.dll
0x000007feff540000 - 0x000007feff5b1000 	C:\Windows\system32\SHLWAPI.dll
0x000007fefd6e0000 - 0x000007fefd70e000 	C:\Windows\system32\IMM32.DLL
0x000007fefd770000 - 0x000007fefd879000 	C:\Windows\system32\MSCTF.dll
0x0000000070900000 - 0x00000000709d1000 	C:\PROGRA~1\Java\JDK17~1.0_0\jre\bin\msvcr100.dll
0x000000005e300000 - 0x000000005ea1f000 	C:\PROGRA~1\Java\JDK17~1.0_0\jre\bin\server\jvm.dll
0x000007fefaa60000 - 0x000007fefaa69000 	C:\Windows\system32\WSOCK32.dll
0x000007feff2a0000 - 0x000007feff2ed000 	C:\Windows\system32\WS2_32.dll
0x000007fefea40000 - 0x000007fefea48000 	C:\Windows\system32\NSI.dll
0x000007fefac90000 - 0x000007fefaccb000 	C:\Windows\system32\WINMM.dll
0x0000000077480000 - 0x0000000077487000 	C:\Windows\system32\PSAPI.DLL
0x00000000743f0000 - 0x00000000743ff000 	C:\PROGRA~1\Java\JDK17~1.0_0\jre\bin\verify.dll
0x0000000072640000 - 0x0000000072668000 	C:\PROGRA~1\Java\JDK17~1.0_0\jre\bin\java.dll
0x00000000724d0000 - 0x00000000724e5000 	C:\PROGRA~1\Java\JDK17~1.0_0\jre\bin\zip.dll
0x00000000724b0000 - 0x00000000724c9000 	C:\Program Files\Java\jdk1.7.0_07\jre\bin\net.dll
0x000007fefc810000 - 0x000007fefc865000 	C:\Windows\system32\mswsock.dll
0x000007fefc800000 - 0x000007fefc807000 	C:\Windows\System32\wship6.dll
0x0000000071dd0000 - 0x0000000071de1000 	C:\Program Files\Java\jdk1.7.0_07\jre\bin\nio.dll

VM Arguments:
jvm_args: -Xmx1024M -Xss1m -Djava.ext.dirs=C:\Users\Tanya\AppData\Local\Android\sdk\build-tools\android-4.4W\lib 
java_command: C:\Users\Tanya\AppData\Local\Android\sdk\build-tools\android-4.4W\lib\dx.jar --dex --output C:\Users\Tanya\Google Drive\Drury-Explorer\DruryExplorer\app\build\intermediates\pre-dexed\debug\classes-8635b130667f207a1a58576ffd3641e6a8d2019c.jar C:\Users\Tanya\Google Drive\Drury-Explorer\DruryExplorer\app\build\intermediates\exploded-aar\com.google.android.gms\play-services\6.5.87\classes.jar
Launcher Type: SUN_STANDARD

Environment Variables:
JAVA_HOME=C:\Program Files\Java\jdk1.7.0_07
PATH=C:\Windows\system32;C:\Windows;C:\Windows\system32\wbem;C:\Program Files (x86)\NVIDIA Corporation\PhysX\Common;C:\Program Files\Common Files\Microsoft Shared\Windows Live;C:\Program Files (x86)\Common Files\Microsoft Shared\Windows Live;C:\Windows\System32\WindowsPowerShell\v1.0;C:\Program Files (x86)\Common Files\Roxio Shared\DLLShared;C:\Program Files (x86)\Windows Live\Shared;C:\Program Files (x86)\Microsoft SQL Server\100\Tools\Binn;C:\Program Files (x86)\Microsoft SQL Server\100\DTS\Binn;C:\Program Files (x86)\Microsoft ASP.NET\ASP.NET Web Pages\v1.0;C:\Program Files\Microsoft SQL Server\110\Tools\Binn;C:\Program Files (x86)\Calibre2;c:\Program Files\Microsoft SQL Server\100\Tools\Binn;c:\Program Files\Microsoft SQL Server\100\DTS\Binn;C:\Program Files\Microsoft\Web Platform Installer;C:\Program Files (x86)\Windows Kits\8.0\Windows Performance Toolkit;C:\Program Files\nodejs;C:\Program Files (x86)\MySQL\MySQL Utilities 1.4;C:\Program Files (x86)\MySQL\MySQL Utilities 1.4\Doctrine extensions for PHP;C:\Program Files (x86)\Skype\Phone\;C:\Ruby193\bin;C:\Users\Tanya\AppData\Roaming\npm;C:\Program Files (x86)\WinAnt\bin
USERNAME=Tanya
OS=Windows_NT
PROCESSOR_IDENTIFIER=Intel64 Family 6 Model 23 Stepping 10, GenuineIntel



---------------  S Y S T E M  ---------------

OS: Windows 7 , 64 bit Build 7601 Service Pack 1

CPU:total 2 (2 cores per cpu, 1 threads per core) family 6 model 23 stepping 10, cmov, cx8, fxsr, mmx, sse, sse2, sse3, ssse3, tsc

Memory: 4k page, physical 3107188k(311556k free), swap 5199824k(7068k free)

vm_info: Java HotSpot(TM) 64-Bit Server VM (23.3-b01) for windows-amd64 JRE (1.7.0_07-b11), built on Sep  7 2012 01:19:25 by "java_re" with unknown MS VC++:1600

time: Wed Apr 15 18:06:40 2015
elapsed time: 35 seconds

