#
# There is insufficient memory for the Java Runtime Environment to continue.
# Native memory allocation (malloc) failed to allocate 1048576 bytes for E in C:\jdk7u1_64p\jdk7u7\hotspot\src\share\vm\utilities/taskqueue.hpp
# Possible reasons:
#   The system is out of physical RAM or swap space
#   In 32 bit mode, the process size limit was hit
# Possible solutions:
#   Reduce memory load on the system
#   Increase physical memory or swap space
#   Check if swap backing store is full
#   Use 64 bit Java on a 64 bit OS
#   Decrease Java heap size (-Xmx/-Xms)
#   Decrease number of Java threads
#   Decrease Java thread stack sizes (-Xss)
#   Set larger code cache with -XX:ReservedCodeCacheSize=
# This output file may be truncated or incomplete.
#
#  Out of Memory Error (memory/allocation.inline.hpp:58), pid=23052, tid=23740
#
# JRE version: 7.0_07-b11
# Java VM: Java HotSpot(TM) 64-Bit Server VM (23.3-b01 mixed mode windows-amd64 compressed oops)
# Failed to write core dump. Minidumps are not enabled by default on client versions of Windows
#

---------------  T H R E A D  ---------------

Current thread (0x0000000001e2d000):  JavaThread "Unknown thread" [_thread_in_vm, id=23740, stack(0x0000000002090000,0x0000000002190000)]

Stack: [0x0000000002090000,0x0000000002190000]

---------------  P R O C E S S  ---------------

Java Threads: ( => current thread )

Other Threads:

=>0x0000000001e2d000 (exited) JavaThread "Unknown thread" [_thread_in_vm, id=23740, stack(0x0000000002090000,0x0000000002190000)]

VM state:not at safepoint (normal execution)

VM Mutex/Monitor currently owned by a thread: None

Heap
 PSYoungGen      total 14208K, used 244K [0x00000000f02b0000, 0x00000000f1280000, 0x0000000100000000)
  eden space 12224K, 2% used [0x00000000f02b0000,0x00000000f02ed258,0x00000000f0ea0000)
  from space 1984K, 0% used [0x00000000f1090000,0x00000000f1090000,0x00000000f1280000)
  to   space 1984K, 0% used [0x00000000f0ea0000,0x00000000f0ea0000,0x00000000f1090000)
 ParOldGen       total 32384K, used 0K [0x00000000d0800000, 0x00000000d27a0000, 0x00000000f02b0000)
  object space 32384K, 0% used [0x00000000d0800000,0x00000000d0800000,0x00000000d27a0000)
 PSPermGen       total 21248K, used 697K [0x00000000cb600000, 0x00000000ccac0000, 0x00000000d0800000)
  object space 21248K, 3% used [0x00000000cb600000,0x00000000cb6ae5a8,0x00000000ccac0000)

Card table byte_map: [0x0000000005190000,0x0000000005340000] byte_map_base: 0x0000000004b35000

Polling page: 0x0000000000310000

Code Cache  [0x0000000002190000, 0x0000000002400000, 0x0000000005190000)
 total_blobs=39 nmethods=0 adapters=20 free_code_cache=48889Kb largest_free_block=50062912

Compilation events (0 events):
No events

GC Heap History (0 events):
No events

Deoptimization events (0 events):
No events

Internal exceptions (0 events):
No events

Events (10 events):
Event: 0.040 loading class 0x0000000001d3bd30
Event: 0.043 loading class 0x0000000001d3bd30 done
Event: 0.043 loading class 0x0000000001d3bd90
Event: 0.043 loading class 0x0000000001d3bd90 done
Event: 0.043 loading class 0x0000000001d3bdc0
Event: 0.043 loading class 0x0000000001d3bdc0 done
Event: 0.044 loading class 0x0000000001d39c00
Event: 0.044 loading class 0x0000000001d39c00 done
Event: 0.044 loading class 0x0000000001d397c0
Event: 0.045 loading class 0x0000000001d397c0 done


Dynamic libraries:
0x000000013f710000 - 0x000000013f743000 	C:\Program Files\Java\jdk1.7.0_07\bin\java.exe
0x0000000077b30000 - 0x0000000077cd8000 	C:\Windows\SYSTEM32\ntdll.dll
0x0000000077910000 - 0x0000000077a2f000 	C:\Windows\system32\kernel32.dll
0x000007fefdaf0000 - 0x000007fefdb5c000 	C:\Windows\system32\KERNELBASE.dll
0x000007fefea30000 - 0x000007fefeb0b000 	C:\Windows\system32\ADVAPI32.dll
0x000007fefeb30000 - 0x000007fefebcf000 	C:\Windows\system32\msvcrt.dll
0x000007fefe1d0000 - 0x000007fefe1ef000 	C:\Windows\SYSTEM32\sechost.dll
0x000007fefebd0000 - 0x000007fefecfd000 	C:\Windows\system32\RPCRT4.dll
0x0000000077a30000 - 0x0000000077b2a000 	C:\Windows\system32\USER32.dll
0x000007fefde90000 - 0x000007fefdef7000 	C:\Windows\system32\GDI32.dll
0x000007fefeb10000 - 0x000007fefeb1e000 	C:\Windows\system32\LPK.dll
0x000007fefe960000 - 0x000007fefea29000 	C:\Windows\system32\USP10.dll
0x000007fefc210000 - 0x000007fefc404000 	C:\Windows\WinSxS\amd64_microsoft.windows.common-controls_6595b64144ccf1df_6.0.7601.17514_none_fa396087175ac9ac\COMCTL32.dll
0x000007fefe4e0000 - 0x000007fefe551000 	C:\Windows\system32\SHLWAPI.dll
0x000007feffd40000 - 0x000007feffd6e000 	C:\Windows\system32\IMM32.DLL
0x000007feffc30000 - 0x000007feffd39000 	C:\Windows\system32\MSCTF.dll
0x0000000068700000 - 0x00000000687d1000 	C:\Program Files\Java\jdk1.7.0_07\jre\bin\msvcr100.dll
0x0000000062df0000 - 0x000000006350f000 	C:\Program Files\Java\jdk1.7.0_07\jre\bin\server\jvm.dll
0x000007fef4380000 - 0x000007fef4389000 	C:\Windows\system32\WSOCK32.dll
0x000007feffdf0000 - 0x000007feffe3d000 	C:\Windows\system32\WS2_32.dll
0x000007fefeb20000 - 0x000007fefeb28000 	C:\Windows\system32\NSI.dll
0x000007fefb0b0000 - 0x000007fefb0eb000 	C:\Windows\system32\WINMM.dll
0x0000000077cf0000 - 0x0000000077cf7000 	C:\Windows\system32\PSAPI.DLL
0x0000000075040000 - 0x000000007504f000 	C:\Program Files\Java\jdk1.7.0_07\jre\bin\verify.dll
0x0000000074fa0000 - 0x0000000074fc8000 	C:\Program Files\Java\jdk1.7.0_07\jre\bin\java.dll
0x0000000075020000 - 0x0000000075035000 	C:\Program Files\Java\jdk1.7.0_07\jre\bin\zip.dll

VM Arguments:
java_command: <unknown>
Launcher Type: SUN_STANDARD

Environment Variables:
JAVA_HOME=C:\Program Files\Java\jdk1.7.0_07
PATH=C:\Program Files (x86)\Google\Chrome\Application;C:\Windows\system32;C:\Windows;C:\Windows\system32\wbem;C:\Program Files (x86)\NVIDIA Corporation\PhysX\Common;C:\Program Files\Common Files\Microsoft Shared\Windows Live;C:\Program Files (x86)\Common Files\Microsoft Shared\Windows Live;C:\Windows\System32\WindowsPowerShell\v1.0;C:\Program Files (x86)\Common Files\Roxio Shared\DLLShared;C:\Program Files (x86)\Windows Live\Shared;C:\Program Files (x86)\Microsoft SQL Server\100\Tools\Binn;C:\Program Files (x86)\Microsoft SQL Server\100\DTS\Binn;C:\Program Files (x86)\Microsoft ASP.NET\ASP.NET Web Pages\v1.0;C:\Program Files\Microsoft SQL Server\110\Tools\Binn;C:\Program Files (x86)\Calibre2;c:\Program Files\Microsoft SQL Server\100\Tools\Binn;c:\Program Files\Microsoft SQL Server\100\DTS\Binn;C:\Program Files\Microsoft\Web Platform Installer;C:\Program Files (x86)\Windows Kits\8.0\Windows Performance Toolkit;C:\Program Files\nodejs;C:\Program Files (x86)\MySQL\MySQL Utilities 1.4;C:\Program Files (x86)\MySQL\MySQL Utilities 1.4\Doctrine extensions for PHP;C:\Program Files (x86)\Skype\Phone\;C:\Ruby193\bin;C:\Users\Tanya\AppData\Roaming\npm;C:\Program Files (x86)\WinAnt\bin
USERNAME=Tanya
OS=Windows_NT
PROCESSOR_IDENTIFIER=Intel64 Family 6 Model 23 Stepping 10, GenuineIntel



---------------  S Y S T E M  ---------------

OS: Windows 7 , 64 bit Build 7601 Service Pack 1

CPU:total 2 (2 cores per cpu, 1 threads per core) family 6 model 23 stepping 10, cmov, cx8, fxsr, mmx, sse, sse2, sse3, ssse3, tsc

Memory: 4k page, physical 3107188k(321200k free), swap 4589808k(6040k free)

vm_info: Java HotSpot(TM) 64-Bit Server VM (23.3-b01) for windows-amd64 JRE (1.7.0_07-b11), built on Sep  7 2012 01:19:25 by "java_re" with unknown MS VC++:1600

time: Wed Apr 29 23:06:34 2015
elapsed time: 0 seconds

