#
# There is insufficient memory for the Java Runtime Environment to continue.
# Native memory allocation (malloc) failed to allocate 527216 bytes for Chunk::new
# Possible reasons:
#   The system is out of physical RAM or swap space
#   In 32 bit mode, the process size limit was hit
# Possible solutions:
#   Reduce memory load on the system
#   Increase physical memory or swap space
#   Check if swap backing store is full
#   Use 64 bit Java on a 64 bit OS
#   Decrease Java heap size (-Xmx/-Xms)
#   Decrease number of Java threads
#   Decrease Java thread stack sizes (-Xss)
#   Set larger code cache with -XX:ReservedCodeCacheSize=
# This output file may be truncated or incomplete.
#
#  Out of Memory Error (allocation.cpp:328), pid=21848, tid=21256
#
# JRE version: 7.0_07-b11
# Java VM: Java HotSpot(TM) 64-Bit Server VM (23.3-b01 mixed mode windows-amd64 compressed oops)
# Failed to write core dump. Minidumps are not enabled by default on client versions of Windows
#

---------------  T H R E A D  ---------------

Current thread (0x00000000084a7000):  JavaThread "C2 CompilerThread0" daemon [_thread_in_native, id=21256, stack(0x00000000097f0000,0x00000000098f0000)]

Stack: [0x00000000097f0000,0x00000000098f0000]

Current CompileTask:
C2:  16388  687             com.android.dx.dex.file.DebugInfoEncoder::emitHeader (530 bytes)


---------------  P R O C E S S  ---------------

Java Threads: ( => current thread )
  0x00000000084bc000 JavaThread "Service Thread" daemon [_thread_blocked, id=21416, stack(0x0000000009900000,0x0000000009a00000)]
  0x00000000084ba800 JavaThread "C2 CompilerThread1" daemon [_thread_blocked, id=18960, stack(0x00000000092d0000,0x00000000093d0000)]
=>0x00000000084a7000 JavaThread "C2 CompilerThread0" daemon [_thread_in_native, id=21256, stack(0x00000000097f0000,0x00000000098f0000)]
  0x00000000084a5800 JavaThread "Attach Listener" daemon [_thread_blocked, id=21976, stack(0x00000000096d0000,0x00000000097d0000)]
  0x00000000084a4000 JavaThread "Signal Dispatcher" daemon [_thread_blocked, id=21688, stack(0x0000000009570000,0x0000000009670000)]
  0x000000000841e000 JavaThread "Finalizer" daemon [_thread_blocked, id=21276, stack(0x0000000009430000,0x0000000009530000)]
  0x0000000008417000 JavaThread "Reference Handler" daemon [_thread_blocked, id=22052, stack(0x0000000009170000,0x0000000009270000)]
  0x0000000001ded800 JavaThread "main" [_thread_in_vm, id=21216, stack(0x0000000002220000,0x0000000002320000)]

Other Threads:
  0x000000000840e800 VMThread [stack: 0x0000000008f70000,0x0000000009070000] [id=20864]
  0x00000000084c7000 WatcherThread [stack: 0x0000000009b40000,0x0000000009c40000] [id=22212]

VM state:not at safepoint (normal execution)

VM Mutex/Monitor currently owned by a thread: None

Heap
 PSYoungGen      total 106496K, used 16623K [0x00000000eaab0000, 0x00000000f5ba0000, 0x0000000100000000)
  eden space 93632K, 4% used [0x00000000eaab0000,0x00000000eae5c358,0x00000000f0620000)
  from space 12864K, 99% used [0x00000000f0620000,0x00000000f12afc08,0x00000000f12b0000)
  to   space 15680K, 0% used [0x00000000f4c50000,0x00000000f4c50000,0x00000000f5ba0000)
 ParOldGen       total 32384K, used 22009K [0x00000000c0000000, 0x00000000c1fa0000, 0x00000000eaab0000)
  object space 32384K, 67% used [0x00000000c0000000,0x00000000c157e768,0x00000000c1fa0000)
 PSPermGen       total 21248K, used 5734K [0x00000000bae00000, 0x00000000bc2c0000, 0x00000000c0000000)
  object space 21248K, 26% used [0x00000000bae00000,0x00000000bb399988,0x00000000bc2c0000)

Card table byte_map: [0x0000000005320000,0x0000000005550000] byte_map_base: 0x0000000004d49000

Polling page: 0x0000000000210000

Code Cache  [0x0000000002320000, 0x00000000025a0000, 0x0000000005320000)
 total_blobs=898 nmethods=666 adapters=183 free_code_cache=46814Kb largest_free_block=47735808

Compilation events (10 events):
Event: 16.350 Thread 0x00000000084ba800 nmethod 682 0x000000000244efd0 code [0x000000000244f100, 0x000000000244f158]
Event: 16.352 Thread 0x00000000084a7000  683             com.android.dx.dex.file.OffsettedItem::writeSize (22 bytes)
Event: 16.352 Thread 0x00000000084a7000 nmethod 683 0x0000000002445e50 code [0x0000000002445f80, 0x0000000002445fd8]
Event: 16.353 Thread 0x00000000084ba800  684             com.android.dx.dex.file.DexFile::getStringIds (5 bytes)
Event: 16.353 Thread 0x00000000084a7000  685             com.android.dx.dex.file.OffsettedItem::place (78 bytes)
Event: 16.353 Thread 0x00000000084ba800 nmethod 684 0x00000000023f2190 code [0x00000000023f22c0, 0x00000000023f2318]
Event: 16.354 Thread 0x00000000084a7000 nmethod 685 0x00000000023f1e50 code [0x00000000023f1fa0, 0x00000000023f2098]
Event: 16.358 Thread 0x00000000084ba800  686             com.android.dex.Leb128::writeUnsignedLeb128 (46 bytes)
Event: 16.363 Thread 0x00000000084a7000  687             com.android.dx.dex.file.DebugInfoEncoder::emitHeader (530 bytes)
Event: 16.373 Thread 0x00000000084ba800 nmethod 686 0x000000000243c690 code [0x000000000243c820, 0x000000000243cf18]

GC Heap History (10 events):
Event: 8.726 GC heap before
{Heap before GC invocations=5 (full 0):
 PSYoungGen      total 26432K, used 26432K [0x00000000eaab0000, 0x00000000ec670000, 0x0000000100000000)
  eden space 24448K, 100% used [0x00000000eaab0000,0x00000000ec290000,0x00000000ec290000)
  from space 1984K, 100% used [0x00000000ec480000,0x00000000ec670000,0x00000000ec670000)
  to   space 1984K, 0% used [0x00000000ec290000,0x00000000ec290000,0x00000000ec480000)
 ParOldGen       total 32384K, used 6841K [0x00000000c0000000, 0x00000000c1fa0000, 0x00000000eaab0000)
  object space 32384K, 21% used [0x00000000c0000000,0x00000000c06ae7c0,0x00000000c1fa0000)
 PSPermGen       total 21248K, used 5376K [0x00000000bae00000, 0x00000000bc2c0000, 0x00000000c0000000)
  object space 21248K, 25% used [0x00000000bae00000,0x00000000bb340248,0x00000000bc2c0000)
Event: 8.749 GC heap after
Heap after GC invocations=5 (full 0):
 PSYoungGen      total 26432K, used 1984K [0x00000000eaab0000, 0x00000000ee530000, 0x0000000100000000)
  eden space 24448K, 0% used [0x00000000eaab0000,0x00000000eaab0000,0x00000000ec290000)
  from space 1984K, 100% used [0x00000000ec290000,0x00000000ec480000,0x00000000ec480000)
  to   space 5504K, 0% used [0x00000000edfd0000,0x00000000edfd0000,0x00000000ee530000)
 ParOldGen       total 32384K, used 10316K [0x00000000c0000000, 0x00000000c1fa0000, 0x00000000eaab0000)
  object space 32384K, 31% used [0x00000000c0000000,0x00000000c0a13088,0x00000000c1fa0000)
 PSPermGen       total 21248K, used 5376K [0x00000000bae00000, 0x00000000bc2c0000, 0x00000000c0000000)
  object space 21248K, 25% used [0x00000000bae00000,0x00000000bb340248,0x00000000bc2c0000)
}
Event: 9.278 GC heap before
{Heap before GC invocations=6 (full 0):
 PSYoungGen      total 26432K, used 26432K [0x00000000eaab0000, 0x00000000ee530000, 0x0000000100000000)
  eden space 24448K, 100% used [0x00000000eaab0000,0x00000000ec290000,0x00000000ec290000)
  from space 1984K, 100% used [0x00000000ec290000,0x00000000ec480000,0x00000000ec480000)
  to   space 5504K, 0% used [0x00000000edfd0000,0x00000000edfd0000,0x00000000ee530000)
 ParOldGen       total 32384K, used 10316K [0x00000000c0000000, 0x00000000c1fa0000, 0x00000000eaab0000)
  object space 32384K, 31% used [0x00000000c0000000,0x00000000c0a13088,0x00000000c1fa0000)
 PSPermGen       total 21248K, used 5395K [0x00000000bae00000, 0x00000000bc2c0000, 0x00000000c0000000)
  object space 21248K, 25% used [0x00000000bae00000,0x00000000bb344c48,0x00000000bc2c0000)
Event: 9.626 GC heap after
Heap after GC invocations=6 (full 0):
 PSYoungGen      total 53632K, used 5487K [0x00000000eaab0000, 0x00000000ee6b0000, 0x0000000100000000)
  eden space 48128K, 0% used [0x00000000eaab0000,0x00000000eaab0000,0x00000000ed9b0000)
  from space 5504K, 99% used [0x00000000edfd0000,0x00000000ee52bc68,0x00000000ee530000)
  to   space 6272K, 0% used [0x00000000ed9b0000,0x00000000ed9b0000,0x00000000edfd0000)
 ParOldGen       total 32384K, used 10580K [0x00000000c0000000, 0x00000000c1fa0000, 0x00000000eaab0000)
  object space 32384K, 32% used [0x00000000c0000000,0x00000000c0a550d0,0x00000000c1fa0000)
 PSPermGen       total 21248K, used 5395K [0x00000000bae00000, 0x00000000bc2c0000, 0x00000000c0000000)
  object space 21248K, 25% used [0x00000000bae00000,0x00000000bb344c48,0x00000000bc2c0000)
}
Event: 11.906 GC heap before
{Heap before GC invocations=7 (full 0):
 PSYoungGen      total 53632K, used 53615K [0x00000000eaab0000, 0x00000000ee6b0000, 0x0000000100000000)
  eden space 48128K, 100% used [0x00000000eaab0000,0x00000000ed9b0000,0x00000000ed9b0000)
  from space 5504K, 99% used [0x00000000edfd0000,0x00000000ee52bc68,0x00000000ee530000)
  to   space 6272K, 0% used [0x00000000ed9b0000,0x00000000ed9b0000,0x00000000edfd0000)
 ParOldGen       total 32384K, used 10580K [0x00000000c0000000, 0x00000000c1fa0000, 0x00000000eaab0000)
  object space 32384K, 32% used [0x00000000c0000000,0x00000000c0a550d0,0x00000000c1fa0000)
 PSPermGen       total 21248K, used 5428K [0x00000000bae00000, 0x00000000bc2c0000, 0x00000000c0000000)
  object space 21248K, 25% used [0x00000000bae00000,0x00000000bb34d058,0x00000000bc2c0000)
Event: 11.977 GC heap after
Heap after GC invocations=7 (full 0):
 PSYoungGen      total 54400K, used 6250K [0x00000000eaab0000, 0x00000000f1cb0000, 0x0000000100000000)
  eden space 48128K, 0% used [0x00000000eaab0000,0x00000000eaab0000,0x00000000ed9b0000)
  from space 6272K, 99% used [0x00000000ed9b0000,0x00000000edfcabb0,0x00000000edfd0000)
  to   space 10240K, 0% used [0x00000000f12b0000,0x00000000f12b0000,0x00000000f1cb0000)
 ParOldGen       total 32384K, used 17185K [0x00000000c0000000, 0x00000000c1fa0000, 0x00000000eaab0000)
  object space 32384K, 53% used [0x00000000c0000000,0x00000000c10c8408,0x00000000c1fa0000)
 PSPermGen       total 21248K, used 5428K [0x00000000bae00000, 0x00000000bc2c0000, 0x00000000c0000000)
  object space 21248K, 25% used [0x00000000bae00000,0x00000000bb34d058,0x00000000bc2c0000)
}
Event: 13.295 GC heap before
{Heap before GC invocations=8 (full 0):
 PSYoungGen      total 54400K, used 54378K [0x00000000eaab0000, 0x00000000f1cb0000, 0x0000000100000000)
  eden space 48128K, 100% used [0x00000000eaab0000,0x00000000ed9b0000,0x00000000ed9b0000)
  from space 6272K, 99% used [0x00000000ed9b0000,0x00000000edfcabb0,0x00000000edfd0000)
  to   space 10240K, 0% used [0x00000000f12b0000,0x00000000f12b0000,0x00000000f1cb0000)
 ParOldGen       total 32384K, used 17185K [0x00000000c0000000, 0x00000000c1fa0000, 0x00000000eaab0000)
  object space 32384K, 53% used [0x00000000c0000000,0x00000000c10c8408,0x00000000c1fa0000)
 PSPermGen       total 21248K, used 5455K [0x00000000bae00000, 0x00000000bc2c0000, 0x00000000c0000000)
  object space 21248K, 25% used [0x00000000bae00000,0x00000000bb353e98,0x00000000bc2c0000)
Event: 13.367 GC heap after
Heap after GC invocations=8 (full 0):
 PSYoungGen      total 103872K, used 10221K [0x00000000eaab0000, 0x00000000f21d0000, 0x0000000100000000)
  eden space 93632K, 0% used [0x00000000eaab0000,0x00000000eaab0000,0x00000000f0620000)
  from space 10240K, 99% used [0x00000000f12b0000,0x00000000f1cab500,0x00000000f1cb0000)
  to   space 12864K, 0% used [0x00000000f0620000,0x00000000f0620000,0x00000000f12b0000)
 ParOldGen       total 32384K, used 19795K [0x00000000c0000000, 0x00000000c1fa0000, 0x00000000eaab0000)
  object space 32384K, 61% used [0x00000000c0000000,0x00000000c1354e20,0x00000000c1fa0000)
 PSPermGen       total 21248K, used 5455K [0x00000000bae00000, 0x00000000bc2c0000, 0x00000000c0000000)
  object space 21248K, 25% used [0x00000000bae00000,0x00000000bb353e98,0x00000000bc2c0000)
}
Event: 16.132 GC heap before
{Heap before GC invocations=9 (full 0):
 PSYoungGen      total 103872K, used 103853K [0x00000000eaab0000, 0x00000000f21d0000, 0x0000000100000000)
  eden space 93632K, 100% used [0x00000000eaab0000,0x00000000f0620000,0x00000000f0620000)
  from space 10240K, 99% used [0x00000000f12b0000,0x00000000f1cab500,0x00000000f1cb0000)
  to   space 12864K, 0% used [0x00000000f0620000,0x00000000f0620000,0x00000000f12b0000)
 ParOldGen       total 32384K, used 19795K [0x00000000c0000000, 0x00000000c1fa0000, 0x00000000eaab0000)
  object space 32384K, 61% used [0x00000000c0000000,0x00000000c1354e20,0x00000000c1fa0000)
 PSPermGen       total 21248K, used 5719K [0x00000000bae00000, 0x00000000bc2c0000, 0x00000000c0000000)
  object space 21248K, 26% used [0x00000000bae00000,0x00000000bb395cb0,0x00000000bc2c0000)
Event: 16.241 GC heap after
Heap after GC invocations=9 (full 0):
 PSYoungGen      total 106496K, used 12863K [0x00000000eaab0000, 0x00000000f5ba0000, 0x0000000100000000)
  eden space 93632K, 0% used [0x00000000eaab0000,0x00000000eaab0000,0x00000000f0620000)
  from space 12864K, 99% used [0x00000000f0620000,0x00000000f12afc08,0x00000000f12b0000)
  to   space 15680K, 0% used [0x00000000f4c50000,0x00000000f4c50000,0x00000000f5ba0000)
 ParOldGen       total 32384K, used 22009K [0x00000000c0000000, 0x00000000c1fa0000, 0x00000000eaab0000)
  object space 32384K, 67% used [0x00000000c0000000,0x00000000c157e768,0x00000000c1fa0000)
 PSPermGen       total 21248K, used 5719K [0x00000000bae00000, 0x00000000bc2c0000, 0x00000000c0000000)
  object space 21248K, 26% used [0x00000000bae00000,0x00000000bb395cb0,0x00000000bc2c0000)
}

Deoptimization events (10 events):
Event: 14.364 Thread 0x0000000001ded800 Uncommon trap -58 fr.pc 0x00000000025448ec
Event: 15.350 Thread 0x0000000001ded800 Uncommon trap -83 fr.pc 0x000000000242fa4c
Event: 15.518 Thread 0x0000000001ded800 Uncommon trap -122 fr.pc 0x000000000257c80c
Event: 15.620 Thread 0x0000000001ded800 Uncommon trap -83 fr.pc 0x00000000025195c0
Event: 15.620 Thread 0x0000000001ded800 Uncommon trap -83 fr.pc 0x0000000002519028
Event: 15.804 Thread 0x0000000001ded800 Uncommon trap -58 fr.pc 0x0000000002500e50
Event: 15.804 Thread 0x0000000001ded800 Uncommon trap -58 fr.pc 0x0000000002500e50
Event: 15.831 Thread 0x0000000001ded800 Uncommon trap -58 fr.pc 0x0000000002500e50
Event: 15.840 Thread 0x0000000001ded800 Uncommon trap -58 fr.pc 0x0000000002500e50
Event: 15.842 Thread 0x0000000001ded800 Uncommon trap -58 fr.pc 0x000000000251692c

Internal exceptions (6 events):
Event: 0.077 Thread 0x0000000001ded800 Threw 0x00000000eaab61a8 at C:\jdk7u1_64p\jdk7u7\hotspot\src\share\vm\prims\jni.cpp:3994
Event: 1.957 Thread 0x0000000001ded800 Implicit null exception at 0x000000000239df59 to 0x000000000239e20d
Event: 3.119 Thread 0x0000000001ded800 Implicit null exception at 0x0000000002392a92 to 0x0000000002392b31
Event: 3.703 Thread 0x0000000001ded800 Implicit null exception at 0x00000000023d0730 to 0x00000000023d17e9
Event: 8.988 Thread 0x0000000001ded800 Implicit null exception at 0x00000000024d2f98 to 0x00000000024d3a4d
Event: 10.394 Thread 0x0000000001ded800 Implicit null exception at 0x00000000024dfc14 to 0x00000000024e1b0d

Events (10 events):
Event: 16.127 loading class 0x0000000009ef7e00
Event: 16.127 loading class 0x0000000009ef7e00 done
Event: 16.128 loading class 0x0000000009ef7e40
Event: 16.128 loading class 0x0000000009ef7e40 done
Event: 16.132 Executing VM operation: ParallelGCFailedAllocation
Event: 16.241 Executing VM operation: ParallelGCFailedAllocation done
Event: 16.280 Thread 0x00000000084ba800 flushing nmethod 0x00000000023f19d0
Event: 16.292 Thread 0x00000000084a7000 flushing nmethod 0x000000000244efd0
Event: 16.353 Thread 0x00000000084a7000 flushing nmethod 0x00000000024aae50
Event: 16.353 Thread 0x00000000084a7000 flushing nmethod 0x00000000024bd590


Dynamic libraries:
0x000000013fdf0000 - 0x000000013fe23000 	C:\PROGRA~1\Java\JDK17~1.0_0\bin\java.exe
0x0000000077b30000 - 0x0000000077cd8000 	C:\Windows\SYSTEM32\ntdll.dll
0x0000000077910000 - 0x0000000077a2f000 	C:\Windows\system32\kernel32.dll
0x000007fefdaf0000 - 0x000007fefdb5c000 	C:\Windows\system32\KERNELBASE.dll
0x000007fefea30000 - 0x000007fefeb0b000 	C:\Windows\system32\ADVAPI32.dll
0x000007fefeb30000 - 0x000007fefebcf000 	C:\Windows\system32\msvcrt.dll
0x000007fefe1d0000 - 0x000007fefe1ef000 	C:\Windows\SYSTEM32\sechost.dll
0x000007fefebd0000 - 0x000007fefecfd000 	C:\Windows\system32\RPCRT4.dll
0x0000000077a30000 - 0x0000000077b2a000 	C:\Windows\system32\USER32.dll
0x000007fefde90000 - 0x000007fefdef7000 	C:\Windows\system32\GDI32.dll
0x000007fefeb10000 - 0x000007fefeb1e000 	C:\Windows\system32\LPK.dll
0x000007fefe960000 - 0x000007fefea29000 	C:\Windows\system32\USP10.dll
0x000007fefc210000 - 0x000007fefc404000 	C:\Windows\WinSxS\amd64_microsoft.windows.common-controls_6595b64144ccf1df_6.0.7601.17514_none_fa396087175ac9ac\COMCTL32.dll
0x000007fefe4e0000 - 0x000007fefe551000 	C:\Windows\system32\SHLWAPI.dll
0x000007feffd40000 - 0x000007feffd6e000 	C:\Windows\system32\IMM32.DLL
0x000007feffc30000 - 0x000007feffd39000 	C:\Windows\system32\MSCTF.dll
0x0000000063430000 - 0x0000000063501000 	C:\PROGRA~1\Java\JDK17~1.0_0\jre\bin\msvcr100.dll
0x0000000062d10000 - 0x000000006342f000 	C:\PROGRA~1\Java\JDK17~1.0_0\jre\bin\server\jvm.dll
0x000007fef4380000 - 0x000007fef4389000 	C:\Windows\system32\WSOCK32.dll
0x000007feffdf0000 - 0x000007feffe3d000 	C:\Windows\system32\WS2_32.dll
0x000007fefeb20000 - 0x000007fefeb28000 	C:\Windows\system32\NSI.dll
0x000007fefb0b0000 - 0x000007fefb0eb000 	C:\Windows\system32\WINMM.dll
0x0000000077cf0000 - 0x0000000077cf7000 	C:\Windows\system32\PSAPI.DLL
0x00000000750a0000 - 0x00000000750af000 	C:\PROGRA~1\Java\JDK17~1.0_0\jre\bin\verify.dll
0x0000000075070000 - 0x0000000075098000 	C:\PROGRA~1\Java\JDK17~1.0_0\jre\bin\java.dll
0x0000000075050000 - 0x0000000075065000 	C:\PROGRA~1\Java\JDK17~1.0_0\jre\bin\zip.dll
0x0000000075030000 - 0x0000000075049000 	C:\Program Files\Java\jdk1.7.0_07\jre\bin\net.dll
0x000007fefd090000 - 0x000007fefd0e5000 	C:\Windows\system32\mswsock.dll
0x000007fefd080000 - 0x000007fefd087000 	C:\Windows\System32\wship6.dll
0x0000000074fb0000 - 0x0000000074fc1000 	C:\Program Files\Java\jdk1.7.0_07\jre\bin\nio.dll

VM Arguments:
jvm_args: -Xmx1024M -Xss1m -Djava.ext.dirs=C:\Users\Tanya\AppData\Local\Android\sdk\build-tools\android-4.4W\lib 
java_command: C:\Users\Tanya\AppData\Local\Android\sdk\build-tools\android-4.4W\lib\dx.jar --dex --output C:\Users\Tanya\Google Drive\Drury-Explorer\DruryExplorer\app\build\intermediates\pre-dexed\debug\classes-d7b3bd9b6c0f2658d423c29c197948d2d376a4c3.jar C:\Users\Tanya\Google Drive\Drury-Explorer\DruryExplorer\app\build\intermediates\exploded-aar\com.android.support\appcompat-v7\21.0.3\classes.jar
Launcher Type: SUN_STANDARD

Environment Variables:
JAVA_HOME=C:\Program Files\Java\jdk1.7.0_07
PATH=C:\Program Files (x86)\Google\Chrome\Application;C:\Windows\system32;C:\Windows;C:\Windows\system32\wbem;C:\Program Files (x86)\NVIDIA Corporation\PhysX\Common;C:\Program Files\Common Files\Microsoft Shared\Windows Live;C:\Program Files (x86)\Common Files\Microsoft Shared\Windows Live;C:\Windows\System32\WindowsPowerShell\v1.0;C:\Program Files (x86)\Common Files\Roxio Shared\DLLShared;C:\Program Files (x86)\Windows Live\Shared;C:\Program Files (x86)\Microsoft SQL Server\100\Tools\Binn;C:\Program Files (x86)\Microsoft SQL Server\100\DTS\Binn;C:\Program Files (x86)\Microsoft ASP.NET\ASP.NET Web Pages\v1.0;C:\Program Files\Microsoft SQL Server\110\Tools\Binn;C:\Program Files (x86)\Calibre2;c:\Program Files\Microsoft SQL Server\100\Tools\Binn;c:\Program Files\Microsoft SQL Server\100\DTS\Binn;C:\Program Files\Microsoft\Web Platform Installer;C:\Program Files (x86)\Windows Kits\8.0\Windows Performance Toolkit;C:\Program Files\nodejs;C:\Program Files (x86)\MySQL\MySQL Utilities 1.4;C:\Program Files (x86)\MySQL\MySQL Utilities 1.4\Doctrine extensions for PHP;C:\Program Files (x86)\Skype\Phone\;C:\Ruby193\bin;C:\Users\Tanya\AppData\Roaming\npm;C:\Program Files (x86)\WinAnt\bin
USERNAME=Tanya
OS=Windows_NT
PROCESSOR_IDENTIFIER=Intel64 Family 6 Model 23 Stepping 10, GenuineIntel



---------------  S Y S T E M  ---------------

OS: Windows 7 , 64 bit Build 7601 Service Pack 1

CPU:total 2 (2 cores per cpu, 1 threads per core) family 6 model 23 stepping 10, cmov, cx8, fxsr, mmx, sse, sse2, sse3, ssse3, tsc

Memory: 4k page, physical 3107188k(302416k free), swap 4589808k(5212k free)

vm_info: Java HotSpot(TM) 64-Bit Server VM (23.3-b01) for windows-amd64 JRE (1.7.0_07-b11), built on Sep  7 2012 01:19:25 by "java_re" with unknown MS VC++:1600

time: Wed Apr 29 20:20:20 2015
elapsed time: 16 seconds

