#
# There is insufficient memory for the Java Runtime Environment to continue.
# Native memory allocation (malloc) failed to allocate 521456 bytes for Chunk::new
# Possible reasons:
#   The system is out of physical RAM or swap space
#   In 32 bit mode, the process size limit was hit
# Possible solutions:
#   Reduce memory load on the system
#   Increase physical memory or swap space
#   Check if swap backing store is full
#   Use 64 bit Java on a 64 bit OS
#   Decrease Java heap size (-Xmx/-Xms)
#   Decrease number of Java threads
#   Decrease Java thread stack sizes (-Xss)
#   Set larger code cache with -XX:ReservedCodeCacheSize=
# This output file may be truncated or incomplete.
#
#  Out of Memory Error (allocation.cpp:328), pid=9352, tid=15012
#
# JRE version: 7.0_09-b05
# Java VM: Java HotSpot(TM) 64-Bit Server VM (23.5-b02 mixed mode windows-amd64 compressed oops)
# Failed to write core dump. Minidumps are not enabled by default on client versions of Windows
#

---------------  T H R E A D  ---------------

Current thread (0x0000000008be6000):  JavaThread "C2 CompilerThread1" daemon [_thread_in_native, id=15012, stack(0x0000000009ec0000,0x0000000009fc0000)]

Stack: [0x0000000009ec0000,0x0000000009fc0000]
[error occurred during error reporting (printing stack bounds), id 0xc0000005]


[error occurred during error reporting (printing native stack), id 0xc0000005]


Current CompileTask:
C2:2780894 1242             org.gradle.api.internal.file.collections.DirectoryFileTree::walkDir (311 bytes)


---------------  P R O C E S S  ---------------

Java Threads: ( => current thread )
  0x000000000e5a8000 JavaThread "Daemon worker Thread 3" [_thread_in_native, id=13928, stack(0x000000000cd70000,0x000000000ce70000)]
  0x000000000e5a7000 JavaThread "Cancel handler" [_thread_blocked, id=15868, stack(0x000000000c530000,0x000000000c630000)]
  0x000000000e5a9800 JavaThread "Handler for socket connection from /127.0.0.1:51144 to /127.0.0.1:51565" [_thread_in_native, id=13092, stack(0x000000000cbf0000,0x000000000ccf0000)]
  0x000000000e5a9000 JavaThread "Daemon Thread 3" [_thread_blocked, id=10444, stack(0x000000000ca30000,0x000000000cb30000)]
  0x000000000ad3a800 JavaThread "File lock request listener" [_thread_in_native, id=14036, stack(0x000000000cea0000,0x000000000cfa0000)]
  0x000000000b4f7800 JavaThread "Incoming local TCP Connector on port 51144" [_thread_in_native, id=14528, stack(0x000000000c390000,0x000000000c490000)]
  0x0000000008bed000 JavaThread "Service Thread" daemon [_thread_blocked, id=13656, stack(0x000000000a100000,0x000000000a200000)]
=>0x0000000008be6000 JavaThread "C2 CompilerThread1" daemon [_thread_in_native, id=15012, stack(0x0000000009ec0000,0x0000000009fc0000)]
  0x0000000008bd5800 JavaThread "C2 CompilerThread0" daemon [_thread_blocked, id=10356, stack(0x0000000009d20000,0x0000000009e20000)]
  0x0000000008bd4000 JavaThread "Attach Listener" daemon [_thread_blocked, id=13216, stack(0x00000000095c0000,0x00000000096c0000)]
  0x0000000008bd2800 JavaThread "Signal Dispatcher" daemon [_thread_blocked, id=14032, stack(0x0000000009b60000,0x0000000009c60000)]
  0x0000000008b4f800 JavaThread "Finalizer" daemon [_thread_blocked, id=6412, stack(0x0000000009a50000,0x0000000009b50000)]
  0x0000000008b46800 JavaThread "Reference Handler" daemon [_thread_blocked, id=14464, stack(0x0000000009820000,0x0000000009920000)]
  0x0000000001dbd000 JavaThread "main" [_thread_blocked, id=14684, stack(0x0000000001dd0000,0x0000000001ed0000)]

Other Threads:
  0x0000000008b40800 VMThread [stack: 0x00000000096d0000,0x00000000097d0000] [id=14548]
  0x0000000008bf6000 WatcherThread [stack: 0x000000000a230000,0x000000000a330000] [id=9124]

VM state:not at safepoint (normal execution)

VM Mutex/Monitor currently owned by a thread: None

Heap
 PSYoungGen      total 105408K, used 19404K [0x00000000eaab0000, 0x00000000f3840000, 0x0000000100000000)
  eden space 81664K, 1% used [0x00000000eaab0000,0x00000000eabf37c8,0x00000000efa70000)
  from space 23744K, 76% used [0x00000000f2110000,0x00000000f32bfb00,0x00000000f3840000)
  to   space 22912K, 0% used [0x00000000efa70000,0x00000000efa70000,0x00000000f10d0000)
 ParOldGen       total 94272K, used 74009K [0x00000000c0000000, 0x00000000c5c10000, 0x00000000eaab0000)
  object space 94272K, 78% used [0x00000000c0000000,0x00000000c48465c0,0x00000000c5c10000)
 PSPermGen       total 98112K, used 67658K [0x00000000b0000000, 0x00000000b5fd0000, 0x00000000c0000000)
  object space 98112K, 68% used [0x00000000b0000000,0x00000000b4212880,0x00000000b5fd0000)

Card table byte_map: [0x0000000005090000,0x0000000005320000] byte_map_base: 0x0000000004b10000

Polling page: 0x0000000000320000

Code Cache  [0x0000000001fd0000, 0x0000000002530000, 0x0000000004fd0000)
 total_blobs=1799 nmethods=1165 adapters=584 free_code_cache=43768Kb largest_free_block=44705024

Compilation events (10 events):
Event: 2757.280 Thread 0x0000000008bd5800 nmethod 1236 0x00000000024ed110 code [0x00000000024ed340, 0x00000000024edf98]
Event: 2759.281 Thread 0x0000000008be6000 1237             java.io.Win32FileSystem::prefixLength (91 bytes)
Event: 2759.284 Thread 0x0000000008be6000 nmethod 1237 0x000000000232cb10 code [0x000000000232cc60, 0x000000000232cdb8]
Event: 2759.631 Thread 0x0000000008bd5800 1238             java.util.TreeMap::getFirstEntry (26 bytes)
Event: 2759.632 Thread 0x0000000008bd5800 nmethod 1238 0x00000000024d1750 code [0x00000000024d1880, 0x00000000024d1918]
Event: 2771.598 Thread 0x0000000008be6000 1239             java.nio.charset.CoderResult::isUnderflow (13 bytes)
Event: 2771.598 Thread 0x0000000008be6000 nmethod 1239 0x0000000002484110 code [0x0000000002484240, 0x0000000002484298]
Event: 2772.476 Thread 0x0000000008bd5800 1240             java.util.regex.Pattern$Branch::study (162 bytes)
Event: 2772.483 Thread 0x0000000008bd5800 nmethod 1240 0x00000000024eed50 code [0x00000000024eeee0, 0x00000000024ef268]
Event: 2778.344 Thread 0x0000000008be6000 1242             org.gradle.api.internal.file.collections.DirectoryFileTree::walkDir (311 bytes)

GC Heap History (10 events):
Event: 1213.592 GC heap before
{Heap before GC invocations=40 (full 3):
 PSYoungGen      total 86720K, used 75318K [0x00000000eaab0000, 0x00000000f1130000, 0x0000000100000000)
  eden space 70464K, 100% used [0x00000000eaab0000,0x00000000eef80000,0x00000000eef80000)
  from space 16256K, 29% used [0x00000000f0040000,0x00000000f04fdb58,0x00000000f1020000)
  to   space 17152K, 0% used [0x00000000eef80000,0x00000000eef80000,0x00000000f0040000)
 ParOldGen       total 94272K, used 55551K [0x00000000c0000000, 0x00000000c5c10000, 0x00000000eaab0000)
  object space 94272K, 58% used [0x00000000c0000000,0x00000000c363fe18,0x00000000c5c10000)
 PSPermGen       total 98112K, used 53614K [0x00000000b0000000, 0x00000000b5fd0000, 0x00000000c0000000)
  object space 98112K, 54% used [0x00000000b0000000,0x00000000b345bbf0,0x00000000b5fd0000)
Event: 1213.702 GC heap after
Heap after GC invocations=40 (full 3):
 PSYoungGen      total 87616K, used 7988K [0x00000000eaab0000, 0x00000000f1540000, 0x0000000100000000)
  eden space 70464K, 0% used [0x00000000eaab0000,0x00000000eaab0000,0x00000000eef80000)
  from space 17152K, 46% used [0x00000000eef80000,0x00000000ef74d340,0x00000000f0040000)
  to   space 16640K, 0% used [0x00000000f0500000,0x00000000f0500000,0x00000000f1540000)
 ParOldGen       total 94272K, used 55559K [0x00000000c0000000, 0x00000000c5c10000, 0x00000000eaab0000)
  object space 94272K, 58% used [0x00000000c0000000,0x00000000c3641e18,0x00000000c5c10000)
 PSPermGen       total 98112K, used 53614K [0x00000000b0000000, 0x00000000b5fd0000, 0x00000000c0000000)
  object space 98112K, 54% used [0x00000000b0000000,0x00000000b345bbf0,0x00000000b5fd0000)
}
Event: 1215.912 GC heap before
{Heap before GC invocations=41 (full 3):
 PSYoungGen      total 87616K, used 78452K [0x00000000eaab0000, 0x00000000f1540000, 0x0000000100000000)
  eden space 70464K, 100% used [0x00000000eaab0000,0x00000000eef80000,0x00000000eef80000)
  from space 17152K, 46% used [0x00000000eef80000,0x00000000ef74d340,0x00000000f0040000)
  to   space 16640K, 0% used [0x00000000f0500000,0x00000000f0500000,0x00000000f1540000)
 ParOldGen       total 94272K, used 55559K [0x00000000c0000000, 0x00000000c5c10000, 0x00000000eaab0000)
  object space 94272K, 58% used [0x00000000c0000000,0x00000000c3641e18,0x00000000c5c10000)
 PSPermGen       total 98112K, used 57977K [0x00000000b0000000, 0x00000000b5fd0000, 0x00000000c0000000)
  object space 98112K, 59% used [0x00000000b0000000,0x00000000b389e428,0x00000000b5fd0000)
Event: 1216.008 GC heap after
Heap after GC invocations=41 (full 3):
 PSYoungGen      total 89664K, used 16628K [0x00000000eaab0000, 0x00000000f1e20000, 0x0000000100000000)
  eden space 73024K, 0% used [0x00000000eaab0000,0x00000000eaab0000,0x00000000ef200000)
  from space 16640K, 99% used [0x00000000f0500000,0x00000000f153d218,0x00000000f1540000)
  to   space 19456K, 0% used [0x00000000ef200000,0x00000000ef200000,0x00000000f0500000)
 ParOldGen       total 94272K, used 56102K [0x00000000c0000000, 0x00000000c5c10000, 0x00000000eaab0000)
  object space 94272K, 59% used [0x00000000c0000000,0x00000000c36c9800,0x00000000c5c10000)
 PSPermGen       total 98112K, used 57977K [0x00000000b0000000, 0x00000000b5fd0000, 0x00000000c0000000)
  object space 98112K, 59% used [0x00000000b0000000,0x00000000b389e428,0x00000000b5fd0000)
}
Event: 1227.071 GC heap before
{Heap before GC invocations=42 (full 3):
 PSYoungGen      total 89664K, used 89652K [0x00000000eaab0000, 0x00000000f1e20000, 0x0000000100000000)
  eden space 73024K, 100% used [0x00000000eaab0000,0x00000000ef200000,0x00000000ef200000)
  from space 16640K, 99% used [0x00000000f0500000,0x00000000f153d218,0x00000000f1540000)
  to   space 19456K, 0% used [0x00000000ef200000,0x00000000ef200000,0x00000000f0500000)
 ParOldGen       total 94272K, used 56102K [0x00000000c0000000, 0x00000000c5c10000, 0x00000000eaab0000)
  object space 94272K, 59% used [0x00000000c0000000,0x00000000c36c9800,0x00000000c5c10000)
 PSPermGen       total 98112K, used 60261K [0x00000000b0000000, 0x00000000b5fd0000, 0x00000000c0000000)
  object space 98112K, 61% used [0x00000000b0000000,0x00000000b3ad9640,0x00000000b5fd0000)
Event: 1227.132 GC heap after
Heap after GC invocations=42 (full 3):
 PSYoungGen      total 92480K, used 19429K [0x00000000eaab0000, 0x00000000f2940000, 0x0000000100000000)
  eden space 73024K, 0% used [0x00000000eaab0000,0x00000000eaab0000,0x00000000ef200000)
  from space 19456K, 99% used [0x00000000ef200000,0x00000000f04f9520,0x00000000f0500000)
  to   space 24128K, 0% used [0x00000000f11b0000,0x00000000f11b0000,0x00000000f2940000)
 ParOldGen       total 94272K, used 60333K [0x00000000c0000000, 0x00000000c5c10000, 0x00000000eaab0000)
  object space 94272K, 63% used [0x00000000c0000000,0x00000000c3aeb650,0x00000000c5c10000)
 PSPermGen       total 98112K, used 60261K [0x00000000b0000000, 0x00000000b5fd0000, 0x00000000c0000000)
  object space 98112K, 61% used [0x00000000b0000000,0x00000000b3ad9640,0x00000000b5fd0000)
}
Event: 2644.385 GC heap before
{Heap before GC invocations=43 (full 3):
 PSYoungGen      total 92480K, used 92453K [0x00000000eaab0000, 0x00000000f2940000, 0x0000000100000000)
  eden space 73024K, 100% used [0x00000000eaab0000,0x00000000ef200000,0x00000000ef200000)
  from space 19456K, 99% used [0x00000000ef200000,0x00000000f04f9520,0x00000000f0500000)
  to   space 24128K, 0% used [0x00000000f11b0000,0x00000000f11b0000,0x00000000f2940000)
 ParOldGen       total 94272K, used 60333K [0x00000000c0000000, 0x00000000c5c10000, 0x00000000eaab0000)
  object space 94272K, 63% used [0x00000000c0000000,0x00000000c3aeb650,0x00000000c5c10000)
 PSPermGen       total 98112K, used 61004K [0x00000000b0000000, 0x00000000b5fd0000, 0x00000000c0000000)
  object space 98112K, 62% used [0x00000000b0000000,0x00000000b3b931b0,0x00000000b5fd0000)
Event: 2668.422 GC heap after
Heap after GC invocations=43 (full 3):
 PSYoungGen      total 103680K, used 8164K [0x00000000eaab0000, 0x00000000f2730000, 0x0000000100000000)
  eden space 81664K, 0% used [0x00000000eaab0000,0x00000000eaab0000,0x00000000efa70000)
  from space 22016K, 37% used [0x00000000f11b0000,0x00000000f19a9028,0x00000000f2730000)
  to   space 22912K, 0% used [0x00000000efa70000,0x00000000efa70000,0x00000000f10d0000)
 ParOldGen       total 94272K, used 69345K [0x00000000c0000000, 0x00000000c5c10000, 0x00000000eaab0000)
  object space 94272K, 73% used [0x00000000c0000000,0x00000000c43b8500,0x00000000c5c10000)
 PSPermGen       total 98112K, used 61004K [0x00000000b0000000, 0x00000000b5fd0000, 0x00000000c0000000)
  object space 98112K, 62% used [0x00000000b0000000,0x00000000b3b931b0,0x00000000b5fd0000)
}
Event: 2703.092 GC heap before
{Heap before GC invocations=44 (full 3):
 PSYoungGen      total 103680K, used 89828K [0x00000000eaab0000, 0x00000000f2730000, 0x0000000100000000)
  eden space 81664K, 100% used [0x00000000eaab0000,0x00000000efa70000,0x00000000efa70000)
  from space 22016K, 37% used [0x00000000f11b0000,0x00000000f19a9028,0x00000000f2730000)
  to   space 22912K, 0% used [0x00000000efa70000,0x00000000efa70000,0x00000000f10d0000)
 ParOldGen       total 94272K, used 69345K [0x00000000c0000000, 0x00000000c5c10000, 0x00000000eaab0000)
  object space 94272K, 73% used [0x00000000c0000000,0x00000000c43b8500,0x00000000c5c10000)
 PSPermGen       total 98112K, used 65143K [0x00000000b0000000, 0x00000000b5fd0000, 0x00000000c0000000)
  object space 98112K, 66% used [0x00000000b0000000,0x00000000b3f9dca8,0x00000000b5fd0000)
Event: 2710.542 GC heap after
Heap after GC invocations=44 (full 3):
 PSYoungGen      total 104576K, used 15246K [0x00000000eaab0000, 0x00000000f3840000, 0x0000000100000000)
  eden space 81664K, 0% used [0x00000000eaab0000,0x00000000eaab0000,0x00000000efa70000)
  from space 22912K, 66% used [0x00000000efa70000,0x00000000f0953848,0x00000000f10d0000)
  to   space 23744K, 0% used [0x00000000f2110000,0x00000000f2110000,0x00000000f3840000)
 ParOldGen       total 94272K, used 69345K [0x00000000c0000000, 0x00000000c5c10000, 0x00000000eaab0000)
  object space 94272K, 73% used [0x00000000c0000000,0x00000000c43b8500,0x00000000c5c10000)
 PSPermGen       total 98112K, used 65143K [0x00000000b0000000, 0x00000000b5fd0000, 0x00000000c0000000)
  object space 98112K, 66% used [0x00000000b0000000,0x00000000b3f9dca8,0x00000000b5fd0000)
}

Deoptimization events (10 events):
Event: 1235.312 Thread 0x000000000be95800 Uncommon trap -83 fr.pc 0x00000000022b0be0
Event: 1235.314 Thread 0x000000000dcc4800 Uncommon trap -83 fr.pc 0x00000000022b0920
Event: 1235.330 Thread 0x000000000be95800 Uncommon trap -83 fr.pc 0x000000000236e1f8
Event: 1245.701 Thread 0x000000000c297800 Uncommon trap -83 fr.pc 0x00000000021d4090
Event: 1245.807 Thread 0x000000000c297800 Uncommon trap -34 fr.pc 0x000000000245a0b8
Event: 2702.727 Thread 0x000000000e5a8000 Uncommon trap -42 fr.pc 0x00000000024cbd7c
Event: 2710.545 Thread 0x000000000e5a8000 Uncommon trap -42 fr.pc 0x00000000024eb578
Event: 2710.550 Thread 0x000000000e5a8000 Uncommon trap -42 fr.pc 0x00000000024eb578
Event: 2730.722 Thread 0x000000000e5a8000 Uncommon trap -42 fr.pc 0x00000000024d9bb0
Event: 2759.035 Thread 0x000000000e5a8000 Uncommon trap -42 fr.pc 0x00000000024d9bb0

Internal exceptions (10 events):
Event: 2772.312 Thread 0x000000000e5a8000 Threw 0x00000000ef566db8 at C:\jdk7u1_64p\jdk7u9\hotspot\src\share\vm\prims\jvm.cpp:1166
Event: 2772.313 Thread 0x000000000e5a8000 Threw 0x00000000ef567bb0 at C:\jdk7u1_64p\jdk7u9\hotspot\src\share\vm\prims\jvm.cpp:1166
Event: 2772.313 Thread 0x000000000e5a8000 Threw 0x00000000ef568710 at C:\jdk7u1_64p\jdk7u9\hotspot\src\share\vm\prims\jvm.cpp:1166
Event: 2772.313 Thread 0x000000000e5a8000 Threw 0x00000000ef56e8b0 at C:\jdk7u1_64p\jdk7u9\hotspot\src\share\vm\prims\jvm.cpp:1166
Event: 2772.313 Thread 0x000000000e5a8000 Threw 0x00000000ef56ec80 at C:\jdk7u1_64p\jdk7u9\hotspot\src\share\vm\classfile\systemDictionary.cpp:179
Event: 2772.314 Thread 0x000000000e5a8000 Threw 0x00000000ef573890 at C:\jdk7u1_64p\jdk7u9\hotspot\src\share\vm\prims\jvm.cpp:1166
Event: 2772.314 Thread 0x000000000e5a8000 Threw 0x00000000ef5745a0 at C:\jdk7u1_64p\jdk7u9\hotspot\src\share\vm\prims\jvm.cpp:1166
Event: 2772.314 Thread 0x000000000e5a8000 Threw 0x00000000ef575128 at C:\jdk7u1_64p\jdk7u9\hotspot\src\share\vm\prims\jvm.cpp:1166
Event: 2772.315 Thread 0x000000000e5a8000 Threw 0x00000000ef57b5e0 at C:\jdk7u1_64p\jdk7u9\hotspot\src\share\vm\prims\jvm.cpp:1166
Event: 2772.315 Thread 0x000000000e5a8000 Threw 0x00000000ef57b9b0 at C:\jdk7u1_64p\jdk7u9\hotspot\src\share\vm\classfile\systemDictionary.cpp:179

Events (10 events):
Event: 2772.311 loading class 0x000000000c05fd60
Event: 2772.311 loading class 0x000000000c05fd60 done
Event: 2772.312 loading class 0x000000000b10ad40
Event: 2772.312 loading class 0x000000000b10ad40 done
Event: 2772.313 loading class 0x000000000b10ad40
Event: 2772.313 loading class 0x000000000b10ad40 done
Event: 2772.314 loading class 0x000000000b10be80
Event: 2772.314 loading class 0x000000000b10be80 done
Event: 2772.315 loading class 0x000000000b10be80
Event: 2772.315 loading class 0x000000000b10be80 done


Dynamic libraries:
0x000000013fde0000 - 0x000000013fe13000 	C:\Program Files\Java\jdk1.7.0_09\bin\java.exe
0x0000000077b30000 - 0x0000000077cd8000 	C:\Windows\SYSTEM32\ntdll.dll
0x0000000077910000 - 0x0000000077a2f000 	C:\Windows\system32\kernel32.dll
0x000007fefdaf0000 - 0x000007fefdb5c000 	C:\Windows\system32\KERNELBASE.dll
0x000007fefea30000 - 0x000007fefeb0b000 	C:\Windows\system32\ADVAPI32.dll
0x000007fefeb30000 - 0x000007fefebcf000 	C:\Windows\system32\msvcrt.dll
0x000007fefe1d0000 - 0x000007fefe1ef000 	C:\Windows\SYSTEM32\sechost.dll
0x000007fefebd0000 - 0x000007fefecfd000 	C:\Windows\system32\RPCRT4.dll
0x0000000077a30000 - 0x0000000077b2a000 	C:\Windows\system32\USER32.dll
0x000007fefde90000 - 0x000007fefdef7000 	C:\Windows\system32\GDI32.dll
0x000007fefeb10000 - 0x000007fefeb1e000 	C:\Windows\system32\LPK.dll
0x000007fefe960000 - 0x000007fefea29000 	C:\Windows\system32\USP10.dll
0x000007fefc210000 - 0x000007fefc404000 	C:\Windows\WinSxS\amd64_microsoft.windows.common-controls_6595b64144ccf1df_6.0.7601.17514_none_fa396087175ac9ac\COMCTL32.dll
0x000007fefe4e0000 - 0x000007fefe551000 	C:\Windows\system32\SHLWAPI.dll
0x000007feffd40000 - 0x000007feffd6e000 	C:\Windows\system32\IMM32.DLL
0x000007feffc30000 - 0x000007feffd39000 	C:\Windows\system32\MSCTF.dll
0x0000000068900000 - 0x00000000689d1000 	C:\Program Files\Java\jdk1.7.0_09\jre\bin\msvcr100.dll
0x000000005b160000 - 0x000000005b87f000 	C:\Program Files\Java\jdk1.7.0_09\jre\bin\server\jvm.dll
0x000007fef4380000 - 0x000007fef4389000 	C:\Windows\system32\WSOCK32.dll
0x000007feffdf0000 - 0x000007feffe3d000 	C:\Windows\system32\WS2_32.dll
0x000007fefeb20000 - 0x000007fefeb28000 	C:\Windows\system32\NSI.dll
0x000007fefb0b0000 - 0x000007fefb0eb000 	C:\Windows\system32\WINMM.dll
0x0000000077cf0000 - 0x0000000077cf7000 	C:\Windows\system32\PSAPI.DLL
0x0000000074680000 - 0x000000007468f000 	C:\Program Files\Java\jdk1.7.0_09\jre\bin\verify.dll
0x000000006f890000 - 0x000000006f8b8000 	C:\Program Files\Java\jdk1.7.0_09\jre\bin\java.dll
0x000000006ec90000 - 0x000000006eca5000 	C:\Program Files\Java\jdk1.7.0_09\jre\bin\zip.dll
0x000000006ec70000 - 0x000000006ec89000 	C:\Program Files\Java\jdk1.7.0_09\jre\bin\net.dll
0x000007fefd090000 - 0x000007fefd0e5000 	C:\Windows\system32\mswsock.dll
0x000007fefd080000 - 0x000007fefd087000 	C:\Windows\System32\wship6.dll
0x000000006ec50000 - 0x000000006ec61000 	C:\Program Files\Java\jdk1.7.0_09\jre\bin\nio.dll
0x000007fefd0f0000 - 0x000007fefd108000 	C:\Windows\system32\CRYPTSP.dll
0x000007fefcdf0000 - 0x000007fefce37000 	C:\Windows\system32\rsaenh.dll
0x000007fefda90000 - 0x000007fefdaae000 	C:\Windows\system32\USERENV.dll
0x000007fefd900000 - 0x000007fefd90f000 	C:\Windows\system32\profapi.dll
0x000007fefd790000 - 0x000007fefd79f000 	C:\Windows\system32\CRYPTBASE.dll
0x000007fefb090000 - 0x000007fefb0a5000 	C:\Windows\system32\NLAapi.dll
0x000007fef8ad0000 - 0x000007fef8ae5000 	C:\Windows\system32\napinsp.dll
0x000007fef8af0000 - 0x000007fef8b09000 	C:\Windows\system32\pnrpnsp.dll
0x000007fef8aa0000 - 0x000007fef8ace000 	C:\Program Files\Common Files\Microsoft Shared\Windows Live\WLIDNSP.DLL
0x000007fefcf10000 - 0x000007fefcf6b000 	C:\Windows\system32\DNSAPI.dll
0x000007fef8a80000 - 0x000007fef8a8b000 	C:\Windows\System32\winrnr.dll
0x000007fefca60000 - 0x000007fefca67000 	C:\Windows\System32\wshtcpip.dll
0x000007fefa010000 - 0x000007fefa037000 	C:\Windows\system32\IPHLPAPI.DLL
0x000007fefa000000 - 0x000007fefa00b000 	C:\Windows\system32\WINNSI.DLL
0x000007fef8a90000 - 0x000007fef8a98000 	C:\Windows\system32\rasadhlp.dll
0x000007fef9c60000 - 0x000007fef9cb3000 	C:\Windows\System32\fwpuclnt.dll
0x000007fefaf10000 - 0x000007fefaf22000 	C:\Users\Tanya\AppData\Local\Temp\native-platform140777850217826493dir\native-platform.dll
0x000007fef9a70000 - 0x000007fef9a88000 	C:\Windows\system32\dhcpcsvc.DLL
0x000007fef9990000 - 0x000007fef99a1000 	C:\Windows\system32\dhcpcsvc6.DLL
0x000007fefd730000 - 0x000007fefd787000 	C:\Windows\system32\apphelp.dll
0x000000006ec20000 - 0x000000006ec44000 	C:\Program Files\Java\jdk1.7.0_09\jre\bin\sunec.dll
0x00000000743c0000 - 0x00000000743cb000 	C:\Program Files\Java\jdk1.7.0_09\jre\bin\sunmscapi.dll
0x000007fefd910000 - 0x000007fefda7d000 	C:\Windows\system32\CRYPT32.dll
0x000007fefd8f0000 - 0x000007fefd8ff000 	C:\Windows\system32\MSASN1.dll

VM Arguments:
jvm_args: -XX:MaxPermSize=256m -XX:+HeapDumpOnOutOfMemoryError -Xmx1024m -Dfile.encoding=windows-1252 -Duser.country=US -Duser.language=en -Duser.variant 
java_command: org.gradle.launcher.daemon.bootstrap.GradleDaemon 2.2.1 C:\Users\Tanya\.gradle\daemon 10800000 55fc4f59-4ff8-4c52-90df-de05342f342c -XX:MaxPermSize=256m -XX:+HeapDumpOnOutOfMemoryError -Xmx1024m -Dfile.encoding=windows-1252 -Duser.country=US -Duser.language=en -Duser.variant
Launcher Type: SUN_STANDARD

Environment Variables:
JAVA_HOME=C:\Program Files\Java\jdk1.7.0_07
PATH=C:\Windows\system32;C:\Windows;C:\Windows\system32\wbem;C:\Program Files (x86)\NVIDIA Corporation\PhysX\Common;C:\Program Files\Common Files\Microsoft Shared\Windows Live;C:\Program Files (x86)\Common Files\Microsoft Shared\Windows Live;C:\Windows\System32\WindowsPowerShell\v1.0;C:\Program Files (x86)\Common Files\Roxio Shared\DLLShared;C:\Program Files (x86)\Windows Live\Shared;C:\Program Files (x86)\Microsoft SQL Server\100\Tools\Binn;C:\Program Files (x86)\Microsoft SQL Server\100\DTS\Binn;C:\Program Files (x86)\Microsoft ASP.NET\ASP.NET Web Pages\v1.0;C:\Program Files\Microsoft SQL Server\110\Tools\Binn;C:\Program Files (x86)\Calibre2;c:\Program Files\Microsoft SQL Server\100\Tools\Binn;c:\Program Files\Microsoft SQL Server\100\DTS\Binn;C:\Program Files\Microsoft\Web Platform Installer;C:\Program Files (x86)\Windows Kits\8.0\Windows Performance Toolkit;C:\Program Files\nodejs;C:\Program Files (x86)\MySQL\MySQL Utilities 1.4;C:\Program Files (x86)\MySQL\MySQL Utilities 1.4\Doctrine extensions for PHP;C:\Program Files (x86)\Skype\Phone\;C:\Ruby193\bin;C:\Users\Tanya\AppData\Roaming\npm;C:\Program Files (x86)\WinAnt\bin
USERNAME=Tanya
OS=Windows_NT
PROCESSOR_IDENTIFIER=Intel64 Family 6 Model 23 Stepping 10, GenuineIntel



---------------  S Y S T E M  ---------------

OS: Windows 7 , 64 bit Build 7601 Service Pack 1

CPU:total 2 (2 cores per cpu, 1 threads per core) family 6 model 23 stepping 10, cmov, cx8, fxsr, mmx, sse, sse2, sse3, ssse3, tsc

Memory: 4k page, physical 3107188k(708672k free), swap 4589808k(41572k free)

vm_info: Java HotSpot(TM) 64-Bit Server VM (23.5-b02) for windows-amd64 JRE (1.7.0_09-b05), built on Sep 24 2012 21:45:04 by "java_re" with unknown MS VC++:1600

time: Wed Apr 29 18:05:20 2015
elapsed time: 2780 seconds

