#
# There is insufficient memory for the Java Runtime Environment to continue.
# Native memory allocation (malloc) failed to allocate 540880 bytes for Chunk::new
# Possible reasons:
#   The system is out of physical RAM or swap space
#   In 32 bit mode, the process size limit was hit
# Possible solutions:
#   Reduce memory load on the system
#   Increase physical memory or swap space
#   Check if swap backing store is full
#   Use 64 bit Java on a 64 bit OS
#   Decrease Java heap size (-Xmx/-Xms)
#   Decrease number of Java threads
#   Decrease Java thread stack sizes (-Xss)
#   Set larger code cache with -XX:ReservedCodeCacheSize=
# This output file may be truncated or incomplete.
#
#  Out of Memory Error (allocation.cpp:328), pid=1960, tid=6740
#
# JRE version: 7.0_07-b11
# Java VM: Java HotSpot(TM) 64-Bit Server VM (23.3-b01 mixed mode windows-amd64 compressed oops)
# Failed to write core dump. Minidumps are not enabled by default on client versions of Windows
#

---------------  T H R E A D  ---------------

Current thread (0x00000000085f7000):  JavaThread "C2 CompilerThread0" daemon [_thread_in_native, id=6740, stack(0x0000000009940000,0x0000000009a40000)]

Stack: [0x0000000009940000,0x0000000009a40000]

Current CompileTask:
C2:  15221  575   !         com.android.dx.cf.code.BytecodeArray::parseInstruction (2764 bytes)


---------------  P R O C E S S  ---------------

Java Threads: ( => current thread )
  0x000000000860d000 JavaThread "Service Thread" daemon [_thread_blocked, id=9664, stack(0x0000000008f50000,0x0000000009050000)]
  0x0000000008607000 JavaThread "C2 CompilerThread1" daemon [_thread_blocked, id=11000, stack(0x0000000009320000,0x0000000009420000)]
=>0x00000000085f7000 JavaThread "C2 CompilerThread0" daemon [_thread_in_native, id=6740, stack(0x0000000009940000,0x0000000009a40000)]
  0x00000000085f5800 JavaThread "Attach Listener" daemon [_thread_blocked, id=7700, stack(0x00000000097c0000,0x00000000098c0000)]
  0x00000000085f4000 JavaThread "Signal Dispatcher" daemon [_thread_blocked, id=5872, stack(0x0000000009610000,0x0000000009710000)]
  0x000000000856e000 JavaThread "Finalizer" daemon [_thread_blocked, id=7644, stack(0x0000000009450000,0x0000000009550000)]
  0x0000000008567000 JavaThread "Reference Handler" daemon [_thread_blocked, id=4600, stack(0x00000000091f0000,0x00000000092f0000)]
  0x000000000030d000 JavaThread "main" [_thread_in_vm, id=10040, stack(0x0000000002120000,0x0000000002220000)]

Other Threads:
  0x000000000855e800 VMThread [stack: 0x00000000090a0000,0x00000000091a0000] [id=5148]
  0x000000000861b000 WatcherThread [stack: 0x0000000009b20000,0x0000000009c20000] [id=11244]

VM state:not at safepoint (normal execution)

VM Mutex/Monitor currently owned by a thread: None

Heap
 PSYoungGen      total 44608K, used 16174K [0x00000000eaab0000, 0x00000000f0050000, 0x0000000100000000)
  eden space 39552K, 28% used [0x00000000eaab0000,0x00000000eb58ba20,0x00000000ed150000)
  from space 5056K, 100% used [0x00000000edf60000,0x00000000ee450000,0x00000000ee450000)
  to   space 14400K, 0% used [0x00000000ed150000,0x00000000ed150000,0x00000000edf60000)
 ParOldGen       total 54784K, used 36559K [0x00000000c0000000, 0x00000000c3580000, 0x00000000eaab0000)
  object space 54784K, 66% used [0x00000000c0000000,0x00000000c23b3f08,0x00000000c3580000)
 PSPermGen       total 21248K, used 5476K [0x00000000bae00000, 0x00000000bc2c0000, 0x00000000c0000000)
  object space 21248K, 25% used [0x00000000bae00000,0x00000000bb3593f8,0x00000000bc2c0000)

Card table byte_map: [0x0000000005220000,0x0000000005450000] byte_map_base: 0x0000000004c49000

Polling page: 0x0000000000110000

Code Cache  [0x0000000002220000, 0x0000000002490000, 0x0000000005220000)
 total_blobs=788 nmethods=557 adapters=182 free_code_cache=46965Kb largest_free_block=47982464

Compilation events (10 events):
Event: 14.951 Thread 0x0000000008607000 nmethod 570 0x00000000022fd550 code [0x00000000022fd6a0, 0x00000000022fd708]
Event: 14.959 Thread 0x00000000085f7000  571             com.android.dx.rop.cst.CstType::equals (29 bytes)
Event: 14.960 Thread 0x00000000085f7000 nmethod 571 0x00000000023457d0 code [0x0000000002345900, 0x0000000002345978]
Event: 15.010 Thread 0x0000000008607000  572             com.android.dx.ssa.LocalVariableInfo::getStarts (19 bytes)
Event: 15.011 Thread 0x0000000008607000 nmethod 572 0x00000000022ffbd0 code [0x00000000022ffd00, 0x00000000022ffd98]
Event: 15.011 Thread 0x00000000085f7000  573             com.android.dx.ssa.MoveParamCombiner$1::visitPhiInsn (1 bytes)
Event: 15.012 Thread 0x00000000085f7000 nmethod 573 0x0000000002301450 code [0x0000000002301580, 0x00000000023015d8]
Event: 15.134 Thread 0x0000000008607000  574             com.android.dx.ssa.PhiInsn::<init> (29 bytes)
Event: 15.136 Thread 0x0000000008607000 nmethod 574 0x0000000002300f90 code [0x00000000023010e0, 0x00000000023012c8]
Event: 15.162 Thread 0x00000000085f7000  575   !         com.android.dx.cf.code.BytecodeArray::parseInstruction (2764 bytes)

GC Heap History (10 events):
Event: 11.819 GC heap before
{Heap before GC invocations=7 (full 0):
 PSYoungGen      total 52800K, used 52792K [0x00000000eaab0000, 0x00000000ee690000, 0x0000000100000000)
  eden space 47744K, 100% used [0x00000000eaab0000,0x00000000ed950000,0x00000000ed950000)
  from space 5056K, 99% used [0x00000000edf60000,0x00000000ee44e1e0,0x00000000ee450000)
  to   space 6208K, 0% used [0x00000000ed950000,0x00000000ed950000,0x00000000edf60000)
 ParOldGen       total 32384K, used 10932K [0x00000000c0000000, 0x00000000c1fa0000, 0x00000000eaab0000)
  object space 32384K, 33% used [0x00000000c0000000,0x00000000c0aad1b8,0x00000000c1fa0000)
 PSPermGen       total 21248K, used 5431K [0x00000000bae00000, 0x00000000bc2c0000, 0x00000000c0000000)
  object space 21248K, 25% used [0x00000000bae00000,0x00000000bb34de00,0x00000000bc2c0000)
Event: 11.873 GC heap after
Heap after GC invocations=7 (full 0):
 PSYoungGen      total 53952K, used 6200K [0x00000000eaab0000, 0x00000000ee690000, 0x0000000100000000)
  eden space 47744K, 0% used [0x00000000eaab0000,0x00000000eaab0000,0x00000000ed950000)
  from space 6208K, 99% used [0x00000000ed950000,0x00000000edf5e1f0,0x00000000edf60000)
  to   space 5056K, 0% used [0x00000000edf60000,0x00000000edf60000,0x00000000ee450000)
 ParOldGen       total 32384K, used 17560K [0x00000000c0000000, 0x00000000c1fa0000, 0x00000000eaab0000)
  object space 32384K, 54% used [0x00000000c0000000,0x00000000c11260d0,0x00000000c1fa0000)
 PSPermGen       total 21248K, used 5431K [0x00000000bae00000, 0x00000000bc2c0000, 0x00000000c0000000)
  object space 21248K, 25% used [0x00000000bae00000,0x00000000bb34de00,0x00000000bc2c0000)
}
Event: 12.535 GC heap before
{Heap before GC invocations=8 (full 0):
 PSYoungGen      total 53952K, used 53944K [0x00000000eaab0000, 0x00000000ee690000, 0x0000000100000000)
  eden space 47744K, 100% used [0x00000000eaab0000,0x00000000ed950000,0x00000000ed950000)
  from space 6208K, 99% used [0x00000000ed950000,0x00000000edf5e1f0,0x00000000edf60000)
  to   space 5056K, 0% used [0x00000000edf60000,0x00000000edf60000,0x00000000ee450000)
 ParOldGen       total 32384K, used 17560K [0x00000000c0000000, 0x00000000c1fa0000, 0x00000000eaab0000)
  object space 32384K, 54% used [0x00000000c0000000,0x00000000c11260d0,0x00000000c1fa0000)
 PSPermGen       total 21248K, used 5449K [0x00000000bae00000, 0x00000000bc2c0000, 0x00000000c0000000)
  object space 21248K, 25% used [0x00000000bae00000,0x00000000bb352630,0x00000000bc2c0000)
Event: 12.581 GC heap after
Heap after GC invocations=8 (full 0):
 PSYoungGen      total 52800K, used 5028K [0x00000000eaab0000, 0x00000000ee690000, 0x0000000100000000)
  eden space 47744K, 0% used [0x00000000eaab0000,0x00000000eaab0000,0x00000000ed950000)
  from space 5056K, 99% used [0x00000000edf60000,0x00000000ee4493d0,0x00000000ee450000)
  to   space 6208K, 0% used [0x00000000ed950000,0x00000000ed950000,0x00000000edf60000)
 ParOldGen       total 32384K, used 25574K [0x00000000c0000000, 0x00000000c1fa0000, 0x00000000eaab0000)
  object space 32384K, 78% used [0x00000000c0000000,0x00000000c18f9a68,0x00000000c1fa0000)
 PSPermGen       total 21248K, used 5449K [0x00000000bae00000, 0x00000000bc2c0000, 0x00000000c0000000)
  object space 21248K, 25% used [0x00000000bae00000,0x00000000bb352630,0x00000000bc2c0000)
}
Event: 12.581 GC heap before
{Heap before GC invocations=9 (full 1):
 PSYoungGen      total 52800K, used 5028K [0x00000000eaab0000, 0x00000000ee690000, 0x0000000100000000)
  eden space 47744K, 0% used [0x00000000eaab0000,0x00000000eaab0000,0x00000000ed950000)
  from space 5056K, 99% used [0x00000000edf60000,0x00000000ee4493d0,0x00000000ee450000)
  to   space 6208K, 0% used [0x00000000ed950000,0x00000000ed950000,0x00000000edf60000)
 ParOldGen       total 32384K, used 25574K [0x00000000c0000000, 0x00000000c1fa0000, 0x00000000eaab0000)
  object space 32384K, 78% used [0x00000000c0000000,0x00000000c18f9a68,0x00000000c1fa0000)
 PSPermGen       total 21248K, used 5449K [0x00000000bae00000, 0x00000000bc2c0000, 0x00000000c0000000)
  object space 21248K, 25% used [0x00000000bae00000,0x00000000bb352630,0x00000000bc2c0000)
Event: 13.312 GC heap after
Heap after GC invocations=9 (full 1):
 PSYoungGen      total 52800K, used 0K [0x00000000eaab0000, 0x00000000ee690000, 0x0000000100000000)
  eden space 47744K, 0% used [0x00000000eaab0000,0x00000000eaab0000,0x00000000ed950000)
  from space 5056K, 0% used [0x00000000edf60000,0x00000000edf60000,0x00000000ee450000)
  to   space 6208K, 0% used [0x00000000ed950000,0x00000000ed950000,0x00000000edf60000)
 ParOldGen       total 54784K, used 27459K [0x00000000c0000000, 0x00000000c3580000, 0x00000000eaab0000)
  object space 54784K, 50% used [0x00000000c0000000,0x00000000c1ad0c90,0x00000000c3580000)
 PSPermGen       total 21248K, used 5443K [0x00000000bae00000, 0x00000000bc2c0000, 0x00000000c0000000)
  object space 21248K, 25% used [0x00000000bae00000,0x00000000bb350d70,0x00000000bc2c0000)
}
Event: 14.328 GC heap before
{Heap before GC invocations=10 (full 1):
 PSYoungGen      total 52800K, used 47744K [0x00000000eaab0000, 0x00000000ee690000, 0x0000000100000000)
  eden space 47744K, 100% used [0x00000000eaab0000,0x00000000ed950000,0x00000000ed950000)
  from space 5056K, 0% used [0x00000000edf60000,0x00000000edf60000,0x00000000ee450000)
  to   space 6208K, 0% used [0x00000000ed950000,0x00000000ed950000,0x00000000edf60000)
 ParOldGen       total 54784K, used 27459K [0x00000000c0000000, 0x00000000c3580000, 0x00000000eaab0000)
  object space 54784K, 50% used [0x00000000c0000000,0x00000000c1ad0c90,0x00000000c3580000)
 PSPermGen       total 21248K, used 5458K [0x00000000bae00000, 0x00000000bc2c0000, 0x00000000c0000000)
  object space 21248K, 25% used [0x00000000bae00000,0x00000000bb3549c8,0x00000000bc2c0000)
Event: 14.353 GC heap after
Heap after GC invocations=10 (full 1):
 PSYoungGen      total 53952K, used 6208K [0x00000000eaab0000, 0x00000000ee690000, 0x0000000100000000)
  eden space 47744K, 0% used [0x00000000eaab0000,0x00000000eaab0000,0x00000000ed950000)
  from space 6208K, 100% used [0x00000000ed950000,0x00000000edf60000,0x00000000edf60000)
  to   space 5056K, 0% used [0x00000000edf60000,0x00000000edf60000,0x00000000ee450000)
 ParOldGen       total 54784K, used 29517K [0x00000000c0000000, 0x00000000c3580000, 0x00000000eaab0000)
  object space 54784K, 53% used [0x00000000c0000000,0x00000000c1cd36b0,0x00000000c3580000)
 PSPermGen       total 21248K, used 5458K [0x00000000bae00000, 0x00000000bc2c0000, 0x00000000c0000000)
  object space 21248K, 25% used [0x00000000bae00000,0x00000000bb3549c8,0x00000000bc2c0000)
}
Event: 15.025 GC heap before
{Heap before GC invocations=11 (full 1):
 PSYoungGen      total 53952K, used 53952K [0x00000000eaab0000, 0x00000000ee690000, 0x0000000100000000)
  eden space 47744K, 100% used [0x00000000eaab0000,0x00000000ed950000,0x00000000ed950000)
  from space 6208K, 100% used [0x00000000ed950000,0x00000000edf60000,0x00000000edf60000)
  to   space 5056K, 0% used [0x00000000edf60000,0x00000000edf60000,0x00000000ee450000)
 ParOldGen       total 54784K, used 29517K [0x00000000c0000000, 0x00000000c3580000, 0x00000000eaab0000)
  object space 54784K, 53% used [0x00000000c0000000,0x00000000c1cd36b0,0x00000000c3580000)
 PSPermGen       total 21248K, used 5475K [0x00000000bae00000, 0x00000000bc2c0000, 0x00000000c0000000)
  object space 21248K, 25% used [0x00000000bae00000,0x00000000bb358e58,0x00000000bc2c0000)
Event: 15.064 GC heap after
Heap after GC invocations=11 (full 1):
 PSYoungGen      total 44608K, used 5056K [0x00000000eaab0000, 0x00000000f0050000, 0x0000000100000000)
  eden space 39552K, 0% used [0x00000000eaab0000,0x00000000eaab0000,0x00000000ed150000)
  from space 5056K, 100% used [0x00000000edf60000,0x00000000ee450000,0x00000000ee450000)
  to   space 14400K, 0% used [0x00000000ed150000,0x00000000ed150000,0x00000000edf60000)
 ParOldGen       total 54784K, used 36559K [0x00000000c0000000, 0x00000000c3580000, 0x00000000eaab0000)
  object space 54784K, 66% used [0x00000000c0000000,0x00000000c23b3f08,0x00000000c3580000)
 PSPermGen       total 21248K, used 5475K [0x00000000bae00000, 0x00000000bc2c0000, 0x00000000c0000000)
  object space 21248K, 25% used [0x00000000bae00000,0x00000000bb358e58,0x00000000bc2c0000)
}

Deoptimization events (10 events):
Event: 9.645 Thread 0x000000000030d000 Uncommon trap -83 fr.pc 0x0000000002334e4c
Event: 9.847 Thread 0x000000000030d000 Uncommon trap -58 fr.pc 0x00000000023c4358
Event: 10.106 Thread 0x000000000030d000 Uncommon trap -12 fr.pc 0x0000000002403c94
Event: 10.112 Thread 0x000000000030d000 Uncommon trap -83 fr.pc 0x00000000022fe324
Event: 10.415 Thread 0x000000000030d000 Uncommon trap -12 fr.pc 0x000000000240adac
Event: 12.507 Thread 0x000000000030d000 Uncommon trap -58 fr.pc 0x00000000023c433c
Event: 13.573 Thread 0x000000000030d000 Uncommon trap -83 fr.pc 0x00000000022e5fc4
Event: 13.573 Thread 0x000000000030d000 Uncommon trap 60 fr.pc 0x0000000002361f80
Event: 15.142 Thread 0x000000000030d000 Uncommon trap -58 fr.pc 0x00000000023f029c
Event: 15.143 Thread 0x000000000030d000 Uncommon trap -58 fr.pc 0x00000000023f029c

Internal exceptions (3 events):
Event: 0.108 Thread 0x000000000030d000 Threw 0x00000000eaab61a8 at C:\jdk7u1_64p\jdk7u7\hotspot\src\share\vm\prims\jni.cpp:3994
Event: 4.718 Thread 0x000000000030d000 Implicit null exception at 0x00000000022c7b92 to 0x00000000022c7c41
Event: 7.354 Thread 0x000000000030d000 Implicit null exception at 0x000000000235a0fc to 0x000000000235baad

Events (10 events):
Event: 14.353 Executing VM operation: ParallelGCFailedAllocation done
Event: 14.614 Thread 0x0000000008607000 flushing nmethod 0x00000000022fd550
Event: 14.738 Thread 0x00000000085f7000 flushing nmethod 0x0000000002402410
Event: 14.738 Thread 0x00000000085f7000 flushing nmethod 0x0000000002408c50
Event: 15.025 Executing VM operation: ParallelGCFailedAllocation
Event: 15.064 Executing VM operation: ParallelGCFailedAllocation done
Event: 15.142 Thread 0x000000000030d000 DEOPT PACKING pc=0x00000000023f029c sp=0x000000000221e5e0
Event: 15.142 Thread 0x000000000030d000 DEOPT UNPACKING pc=0x0000000002259164 sp=0x000000000221e578 mode 2
Event: 15.143 Thread 0x000000000030d000 DEOPT PACKING pc=0x00000000023f029c sp=0x000000000221e6b0
Event: 15.143 Thread 0x000000000030d000 DEOPT UNPACKING pc=0x0000000002259164 sp=0x000000000221e648 mode 2


Dynamic libraries:
0x000000013fa40000 - 0x000000013fa73000 	C:\PROGRA~1\Java\JDK17~1.0_0\bin\java.exe
0x0000000077b30000 - 0x0000000077cd8000 	C:\Windows\SYSTEM32\ntdll.dll
0x0000000077910000 - 0x0000000077a2f000 	C:\Windows\system32\kernel32.dll
0x000007fefdaf0000 - 0x000007fefdb5c000 	C:\Windows\system32\KERNELBASE.dll
0x000007fefea30000 - 0x000007fefeb0b000 	C:\Windows\system32\ADVAPI32.dll
0x000007fefeb30000 - 0x000007fefebcf000 	C:\Windows\system32\msvcrt.dll
0x000007fefe1d0000 - 0x000007fefe1ef000 	C:\Windows\SYSTEM32\sechost.dll
0x000007fefebd0000 - 0x000007fefecfd000 	C:\Windows\system32\RPCRT4.dll
0x0000000077a30000 - 0x0000000077b2a000 	C:\Windows\system32\USER32.dll
0x000007fefde90000 - 0x000007fefdef7000 	C:\Windows\system32\GDI32.dll
0x000007fefeb10000 - 0x000007fefeb1e000 	C:\Windows\system32\LPK.dll
0x000007fefe960000 - 0x000007fefea29000 	C:\Windows\system32\USP10.dll
0x000007fefc210000 - 0x000007fefc404000 	C:\Windows\WinSxS\amd64_microsoft.windows.common-controls_6595b64144ccf1df_6.0.7601.17514_none_fa396087175ac9ac\COMCTL32.dll
0x000007fefe4e0000 - 0x000007fefe551000 	C:\Windows\system32\SHLWAPI.dll
0x000007feffd40000 - 0x000007feffd6e000 	C:\Windows\system32\IMM32.DLL
0x000007feffc30000 - 0x000007feffd39000 	C:\Windows\system32\MSCTF.dll
0x0000000068700000 - 0x00000000687d1000 	C:\PROGRA~1\Java\JDK17~1.0_0\jre\bin\msvcr100.dll
0x00000000612c0000 - 0x00000000619df000 	C:\PROGRA~1\Java\JDK17~1.0_0\jre\bin\server\jvm.dll
0x000007fef4380000 - 0x000007fef4389000 	C:\Windows\system32\WSOCK32.dll
0x000007feffdf0000 - 0x000007feffe3d000 	C:\Windows\system32\WS2_32.dll
0x000007fefeb20000 - 0x000007fefeb28000 	C:\Windows\system32\NSI.dll
0x000007fefb0b0000 - 0x000007fefb0eb000 	C:\Windows\system32\WINMM.dll
0x0000000077cf0000 - 0x0000000077cf7000 	C:\Windows\system32\PSAPI.DLL
0x0000000075020000 - 0x000000007502f000 	C:\PROGRA~1\Java\JDK17~1.0_0\jre\bin\verify.dll
0x000000006f890000 - 0x000000006f8b8000 	C:\PROGRA~1\Java\JDK17~1.0_0\jre\bin\java.dll
0x00000000746e0000 - 0x00000000746f5000 	C:\PROGRA~1\Java\JDK17~1.0_0\jre\bin\zip.dll
0x0000000074800000 - 0x0000000074819000 	C:\Program Files\Java\jdk1.7.0_07\jre\bin\net.dll
0x000007fefd090000 - 0x000007fefd0e5000 	C:\Windows\system32\mswsock.dll
0x000007fefd080000 - 0x000007fefd087000 	C:\Windows\System32\wship6.dll
0x00000000741c0000 - 0x00000000741d1000 	C:\Program Files\Java\jdk1.7.0_07\jre\bin\nio.dll

VM Arguments:
jvm_args: -Xmx1024M -Xss1m -Djava.ext.dirs=C:\Users\Tanya\AppData\Local\Android\sdk\build-tools\android-4.4W\lib 
java_command: C:\Users\Tanya\AppData\Local\Android\sdk\build-tools\android-4.4W\lib\dx.jar --dex --output C:\Users\Tanya\Google Drive\Drury-Explorer\DruryExplorer\app\build\intermediates\pre-dexed\debug\classes-24bc012b93e8913c1799bf0ec4ea75cf11c374fc.jar C:\Users\Tanya\Google Drive\Drury-Explorer\DruryExplorer\app\build\intermediates\exploded-aar\com.android.support\support-v4\21.0.3\classes.jar
Launcher Type: SUN_STANDARD

Environment Variables:
JAVA_HOME=C:\Program Files\Java\jdk1.7.0_07
PATH=C:\Windows\system32;C:\Windows;C:\Windows\system32\wbem;C:\Program Files (x86)\NVIDIA Corporation\PhysX\Common;C:\Program Files\Common Files\Microsoft Shared\Windows Live;C:\Program Files (x86)\Common Files\Microsoft Shared\Windows Live;C:\Windows\System32\WindowsPowerShell\v1.0;C:\Program Files (x86)\Common Files\Roxio Shared\DLLShared;C:\Program Files (x86)\Windows Live\Shared;C:\Program Files (x86)\Microsoft SQL Server\100\Tools\Binn;C:\Program Files (x86)\Microsoft SQL Server\100\DTS\Binn;C:\Program Files (x86)\Microsoft ASP.NET\ASP.NET Web Pages\v1.0;C:\Program Files\Microsoft SQL Server\110\Tools\Binn;C:\Program Files (x86)\Calibre2;c:\Program Files\Microsoft SQL Server\100\Tools\Binn;c:\Program Files\Microsoft SQL Server\100\DTS\Binn;C:\Program Files\Microsoft\Web Platform Installer;C:\Program Files (x86)\Windows Kits\8.0\Windows Performance Toolkit;C:\Program Files\nodejs;C:\Program Files (x86)\MySQL\MySQL Utilities 1.4;C:\Program Files (x86)\MySQL\MySQL Utilities 1.4\Doctrine extensions for PHP;C:\Program Files (x86)\Skype\Phone\;C:\Ruby193\bin;C:\Users\Tanya\AppData\Roaming\npm;C:\Program Files (x86)\WinAnt\bin
USERNAME=Tanya
OS=Windows_NT
PROCESSOR_IDENTIFIER=Intel64 Family 6 Model 23 Stepping 10, GenuineIntel



---------------  S Y S T E M  ---------------

OS: Windows 7 , 64 bit Build 7601 Service Pack 1

CPU:total 2 (2 cores per cpu, 1 threads per core) family 6 model 23 stepping 10, cmov, cx8, fxsr, mmx, sse, sse2, sse3, ssse3, tsc

Memory: 4k page, physical 3107188k(296704k free), swap 4589808k(5544k free)

vm_info: Java HotSpot(TM) 64-Bit Server VM (23.3-b01) for windows-amd64 JRE (1.7.0_07-b11), built on Sep  7 2012 01:19:25 by "java_re" with unknown MS VC++:1600

time: Wed Apr 29 15:25:23 2015
elapsed time: 15 seconds

